[02:35:54][lexer.cpp:280]: File 'mod/echosaturday11.mod' should be in utf8-bom encoding (will try to use it anyways)
[02:35:54][lexer.cpp:280]: File 'mod/echosaturday12.mod' should be in utf8-bom encoding (will try to use it anyways)
[02:35:54][lexer.cpp:280]: File 'mod/echosaturday42.mod' should be in utf8-bom encoding (will try to use it anyways)
[02:35:54][lexer.cpp:280]: File 'mod/modtest.mod' should be in utf8-bom encoding (will try to use it anyways)
[02:35:54][lexer.cpp:280]: File 'mod/nsctest.mod' should be in utf8-bom encoding (will try to use it anyways)
[02:35:54][lexer.cpp:280]: File 'mod/ugc_1054241462.mod' should be in utf8-bom encoding (will try to use it anyways)
[02:35:54][lexer.cpp:280]: File 'mod/ugc_1074841707.mod' should be in utf8-bom encoding (will try to use it anyways)
[02:35:54][lexer.cpp:280]: File 'mod/ugc_1084533390.mod' should be in utf8-bom encoding (will try to use it anyways)
[02:35:54][lexer.cpp:280]: File 'mod/ugc_1098915405.mod' should be in utf8-bom encoding (will try to use it anyways)
[02:35:54][lexer.cpp:280]: File 'mod/ugc_1110058337.mod' should be in utf8-bom encoding (will try to use it anyways)
[02:35:54][lexer.cpp:280]: File 'mod/ugc_1119571344.mod' should be in utf8-bom encoding (will try to use it anyways)
[02:35:54][lexer.cpp:280]: File 'mod/ugc_1126014321.mod' should be in utf8-bom encoding (will try to use it anyways)
[02:35:54][lexer.cpp:280]: File 'mod/ugc_1143523429.mod' should be in utf8-bom encoding (will try to use it anyways)
[02:35:54][lexer.cpp:280]: File 'mod/ugc_1144654097.mod' should be in utf8-bom encoding (will try to use it anyways)
[02:35:54][lexer.cpp:280]: File 'mod/ugc_1145633064.mod' should be in utf8-bom encoding (will try to use it anyways)
[02:35:54][lexer.cpp:280]: File 'mod/ugc_1146439566.mod' should be in utf8-bom encoding (will try to use it anyways)
[02:35:54][lexer.cpp:280]: File 'mod/ugc_1148614148.mod' should be in utf8-bom encoding (will try to use it anyways)
[02:35:54][lexer.cpp:280]: File 'mod/ugc_1149888293.mod' should be in utf8-bom encoding (will try to use it anyways)
[02:35:54][lexer.cpp:280]: File 'mod/ugc_1153328956.mod' should be in utf8-bom encoding (will try to use it anyways)
[02:35:54][lexer.cpp:280]: File 'mod/ugc_1155933050.mod' should be in utf8-bom encoding (will try to use it anyways)
[02:35:54][lexer.cpp:280]: File 'mod/ugc_1156522593.mod' should be in utf8-bom encoding (will try to use it anyways)
[02:35:54][lexer.cpp:280]: File 'mod/ugc_1160316076.mod' should be in utf8-bom encoding (will try to use it anyways)
[02:35:54][lexer.cpp:280]: File 'mod/ugc_1164953786.mod' should be in utf8-bom encoding (will try to use it anyways)
[02:35:54][lexer.cpp:280]: File 'mod/ugc_1172077353.mod' should be in utf8-bom encoding (will try to use it anyways)
[02:35:54][lexer.cpp:280]: File 'mod/ugc_1177012004.mod' should be in utf8-bom encoding (will try to use it anyways)
[02:35:54][lexer.cpp:280]: File 'mod/ugc_1198683782.mod' should be in utf8-bom encoding (will try to use it anyways)
[02:35:54][lexer.cpp:280]: File 'mod/ugc_1202232833.mod' should be in utf8-bom encoding (will try to use it anyways)
[02:35:54][lexer.cpp:280]: File 'mod/ugc_1214083748.mod' should be in utf8-bom encoding (will try to use it anyways)
[02:35:54][lexer.cpp:280]: File 'mod/ugc_1214084424.mod' should be in utf8-bom encoding (will try to use it anyways)
[02:35:54][lexer.cpp:280]: File 'mod/ugc_1214949333.mod' should be in utf8-bom encoding (will try to use it anyways)
[02:35:54][lexer.cpp:280]: File 'mod/ugc_1217204347.mod' should be in utf8-bom encoding (will try to use it anyways)
[02:35:54][lexer.cpp:280]: File 'mod/ugc_1218996568.mod' should be in utf8-bom encoding (will try to use it anyways)
[02:35:54][lexer.cpp:280]: File 'mod/ugc_1220861227.mod' should be in utf8-bom encoding (will try to use it anyways)
[02:35:54][lexer.cpp:280]: File 'mod/ugc_1223822935.mod' should be in utf8-bom encoding (will try to use it anyways)
[02:35:54][lexer.cpp:280]: File 'mod/ugc_1227620643.mod' should be in utf8-bom encoding (will try to use it anyways)
[02:35:54][lexer.cpp:280]: File 'mod/ugc_1235220661.mod' should be in utf8-bom encoding (will try to use it anyways)
[02:35:54][lexer.cpp:280]: File 'mod/ugc_1236456890.mod' should be in utf8-bom encoding (will try to use it anyways)
[02:35:54][lexer.cpp:280]: File 'mod/ugc_1267851407.mod' should be in utf8-bom encoding (will try to use it anyways)
[02:35:54][lexer.cpp:280]: File 'mod/ugc_1296281343.mod' should be in utf8-bom encoding (will try to use it anyways)
[02:35:54][lexer.cpp:280]: File 'mod/ugc_1302897684.mod' should be in utf8-bom encoding (will try to use it anyways)
[02:35:54][lexer.cpp:280]: File 'mod/ugc_1310371514.mod' should be in utf8-bom encoding (will try to use it anyways)
[02:35:54][lexer.cpp:280]: File 'mod/ugc_1311373082.mod' should be in utf8-bom encoding (will try to use it anyways)
[02:35:54][lexer.cpp:280]: File 'mod/ugc_1311725711.mod' should be in utf8-bom encoding (will try to use it anyways)
[02:35:54][lexer.cpp:280]: File 'mod/ugc_1312998344.mod' should be in utf8-bom encoding (will try to use it anyways)
[02:35:54][lexer.cpp:280]: File 'mod/ugc_1314731334.mod' should be in utf8-bom encoding (will try to use it anyways)
[02:35:54][lexer.cpp:280]: File 'mod/ugc_1315017527.mod' should be in utf8-bom encoding (will try to use it anyways)
[02:35:54][lexer.cpp:280]: File 'mod/ugc_1315558378.mod' should be in utf8-bom encoding (will try to use it anyways)
[02:35:54][lexer.cpp:280]: File 'mod/ugc_1317493750.mod' should be in utf8-bom encoding (will try to use it anyways)
[02:35:54][lexer.cpp:280]: File 'mod/ugc_1318662520.mod' should be in utf8-bom encoding (will try to use it anyways)
[02:35:54][lexer.cpp:280]: File 'mod/ugc_1320812302.mod' should be in utf8-bom encoding (will try to use it anyways)
[02:35:54][lexer.cpp:280]: File 'mod/ugc_1323187477.mod' should be in utf8-bom encoding (will try to use it anyways)
[02:35:54][lexer.cpp:280]: File 'mod/ugc_1327649605.mod' should be in utf8-bom encoding (will try to use it anyways)
[02:35:54][lexer.cpp:280]: File 'mod/ugc_1329836142.mod' should be in utf8-bom encoding (will try to use it anyways)
[02:35:54][lexer.cpp:280]: File 'mod/ugc_1336478249.mod' should be in utf8-bom encoding (will try to use it anyways)
[02:35:54][lexer.cpp:280]: File 'mod/ugc_1337494103.mod' should be in utf8-bom encoding (will try to use it anyways)
[02:35:54][lexer.cpp:280]: File 'mod/ugc_1340817672.mod' should be in utf8-bom encoding (will try to use it anyways)
[02:35:54][lexer.cpp:280]: File 'mod/ugc_1341191627.mod' should be in utf8-bom encoding (will try to use it anyways)
[02:35:54][lexer.cpp:280]: File 'mod/ugc_1360873623.mod' should be in utf8-bom encoding (will try to use it anyways)
[02:35:54][lexer.cpp:280]: File 'mod/ugc_1366244440.mod' should be in utf8-bom encoding (will try to use it anyways)
[02:35:54][lexer.cpp:280]: File 'mod/ugc_1369634030.mod' should be in utf8-bom encoding (will try to use it anyways)
[02:35:54][lexer.cpp:280]: File 'mod/ugc_1371384893.mod' should be in utf8-bom encoding (will try to use it anyways)
[02:35:54][lexer.cpp:280]: File 'mod/ugc_1371513720.mod' should be in utf8-bom encoding (will try to use it anyways)
[02:35:54][lexer.cpp:280]: File 'mod/ugc_1381305170.mod' should be in utf8-bom encoding (will try to use it anyways)
[02:35:54][lexer.cpp:280]: File 'mod/ugc_1386911531.mod' should be in utf8-bom encoding (will try to use it anyways)
[02:35:54][lexer.cpp:280]: File 'mod/ugc_1388649909.mod' should be in utf8-bom encoding (will try to use it anyways)
[02:35:54][lexer.cpp:280]: File 'mod/ugc_1389970536.mod' should be in utf8-bom encoding (will try to use it anyways)
[02:35:54][lexer.cpp:280]: File 'mod/ugc_1395190521.mod' should be in utf8-bom encoding (will try to use it anyways)
[02:35:54][lexer.cpp:280]: File 'mod/ugc_1396083450.mod' should be in utf8-bom encoding (will try to use it anyways)
[02:35:54][lexer.cpp:280]: File 'mod/ugc_1399770323.mod' should be in utf8-bom encoding (will try to use it anyways)
[02:35:54][lexer.cpp:280]: File 'mod/ugc_1421387997.mod' should be in utf8-bom encoding (will try to use it anyways)
[02:35:55][lexer.cpp:280]: File 'mod/ugc_1426721653.mod' should be in utf8-bom encoding (will try to use it anyways)
[02:35:55][lexer.cpp:280]: File 'mod/ugc_1428974811.mod' should be in utf8-bom encoding (will try to use it anyways)
[02:35:55][lexer.cpp:280]: File 'mod/ugc_1428980571.mod' should be in utf8-bom encoding (will try to use it anyways)
[02:35:55][lexer.cpp:280]: File 'mod/ugc_1439945773.mod' should be in utf8-bom encoding (will try to use it anyways)
[02:35:55][lexer.cpp:280]: File 'mod/ugc_1446594969.mod' should be in utf8-bom encoding (will try to use it anyways)
[02:35:55][lexer.cpp:280]: File 'mod/ugc_1459937168.mod' should be in utf8-bom encoding (will try to use it anyways)
[02:35:55][lexer.cpp:280]: File 'mod/ugc_1470568902.mod' should be in utf8-bom encoding (will try to use it anyways)
[02:35:55][lexer.cpp:280]: File 'mod/ugc_1489893220.mod' should be in utf8-bom encoding (will try to use it anyways)
[02:35:55][lexer.cpp:280]: File 'mod/ugc_1492025820.mod' should be in utf8-bom encoding (will try to use it anyways)
[02:35:55][lexer.cpp:280]: File 'mod/ugc_1497179807.mod' should be in utf8-bom encoding (will try to use it anyways)
[02:35:55][lexer.cpp:280]: File 'mod/ugc_1503506736.mod' should be in utf8-bom encoding (will try to use it anyways)
[02:35:55][lexer.cpp:280]: File 'mod/ugc_1505387610.mod' should be in utf8-bom encoding (will try to use it anyways)
[02:35:55][lexer.cpp:280]: File 'mod/ugc_1506081421.mod' should be in utf8-bom encoding (will try to use it anyways)
[02:35:55][lexer.cpp:280]: File 'mod/ugc_1509051308.mod' should be in utf8-bom encoding (will try to use it anyways)
[02:35:55][lexer.cpp:280]: File 'mod/ugc_1511773749.mod' should be in utf8-bom encoding (will try to use it anyways)
[02:35:55][lexer.cpp:280]: File 'mod/ugc_1512265691.mod' should be in utf8-bom encoding (will try to use it anyways)
[02:35:55][lexer.cpp:280]: File 'mod/ugc_1517683644.mod' should be in utf8-bom encoding (will try to use it anyways)
[02:35:55][lexer.cpp:280]: File 'mod/ugc_1539768809.mod' should be in utf8-bom encoding (will try to use it anyways)
[02:35:55][lexer.cpp:280]: File 'mod/ugc_1544526280.mod' should be in utf8-bom encoding (will try to use it anyways)
[02:35:55][lexer.cpp:280]: File 'mod/ugc_1565347471.mod' should be in utf8-bom encoding (will try to use it anyways)
[02:35:55][lexer.cpp:280]: File 'mod/ugc_1576627770.mod' should be in utf8-bom encoding (will try to use it anyways)
[02:35:55][lexer.cpp:280]: File 'mod/ugc_1584133829.mod' should be in utf8-bom encoding (will try to use it anyways)
[02:35:55][lexer.cpp:280]: File 'mod/ugc_1584824947.mod' should be in utf8-bom encoding (will try to use it anyways)
[02:35:55][lexer.cpp:280]: File 'mod/ugc_1584909398.mod' should be in utf8-bom encoding (will try to use it anyways)
[02:35:55][lexer.cpp:280]: File 'mod/ugc_1585658623.mod' should be in utf8-bom encoding (will try to use it anyways)
[02:35:55][lexer.cpp:280]: File 'mod/ugc_1586639570.mod' should be in utf8-bom encoding (will try to use it anyways)
[02:35:55][lexer.cpp:280]: File 'mod/ugc_1586998553.mod' should be in utf8-bom encoding (will try to use it anyways)
[02:35:55][lexer.cpp:280]: File 'mod/ugc_1587222189.mod' should be in utf8-bom encoding (will try to use it anyways)
[02:35:55][lexer.cpp:280]: File 'mod/ugc_1587224033.mod' should be in utf8-bom encoding (will try to use it anyways)
[02:35:55][lexer.cpp:280]: File 'mod/ugc_1587335312.mod' should be in utf8-bom encoding (will try to use it anyways)
[02:35:55][lexer.cpp:280]: File 'mod/ugc_1587475542.mod' should be in utf8-bom encoding (will try to use it anyways)
[02:35:55][lexer.cpp:280]: File 'mod/ugc_1588234912.mod' should be in utf8-bom encoding (will try to use it anyways)
[02:35:55][lexer.cpp:280]: File 'mod/ugc_1588319678.mod' should be in utf8-bom encoding (will try to use it anyways)
[02:35:55][lexer.cpp:280]: File 'mod/ugc_1588513621.mod' should be in utf8-bom encoding (will try to use it anyways)
[02:35:55][lexer.cpp:280]: File 'mod/ugc_1588527449.mod' should be in utf8-bom encoding (will try to use it anyways)
[02:35:55][lexer.cpp:280]: File 'mod/ugc_1588842850.mod' should be in utf8-bom encoding (will try to use it anyways)
[02:35:55][lexer.cpp:280]: File 'mod/ugc_1589838781.mod' should be in utf8-bom encoding (will try to use it anyways)
[02:35:55][lexer.cpp:280]: File 'mod/ugc_1591092294.mod' should be in utf8-bom encoding (will try to use it anyways)
[02:35:55][lexer.cpp:280]: File 'mod/ugc_1591852378.mod' should be in utf8-bom encoding (will try to use it anyways)
[02:35:55][lexer.cpp:280]: File 'mod/ugc_1594148622.mod' should be in utf8-bom encoding (will try to use it anyways)
[02:35:55][lexer.cpp:280]: File 'mod/ugc_1594407937.mod' should be in utf8-bom encoding (will try to use it anyways)
[02:35:55][lexer.cpp:280]: File 'mod/ugc_1594678885.mod' should be in utf8-bom encoding (will try to use it anyways)
[02:35:55][lexer.cpp:280]: File 'mod/ugc_1595092505.mod' should be in utf8-bom encoding (will try to use it anyways)
[02:35:55][lexer.cpp:280]: File 'mod/ugc_1595251631.mod' should be in utf8-bom encoding (will try to use it anyways)
[02:35:55][lexer.cpp:280]: File 'mod/ugc_1595791834.mod' should be in utf8-bom encoding (will try to use it anyways)
[02:35:55][lexer.cpp:280]: File 'mod/ugc_1596426272.mod' should be in utf8-bom encoding (will try to use it anyways)
[02:35:55][lexer.cpp:280]: File 'mod/ugc_1596756334.mod' should be in utf8-bom encoding (will try to use it anyways)
[02:35:55][lexer.cpp:280]: File 'mod/ugc_1598606408.mod' should be in utf8-bom encoding (will try to use it anyways)
[02:35:55][lexer.cpp:280]: File 'mod/ugc_1598699516.mod' should be in utf8-bom encoding (will try to use it anyways)
[02:35:55][lexer.cpp:280]: File 'mod/ugc_1599481695.mod' should be in utf8-bom encoding (will try to use it anyways)
[02:35:55][lexer.cpp:280]: File 'mod/ugc_1599958994.mod' should be in utf8-bom encoding (will try to use it anyways)
[02:35:55][lexer.cpp:280]: File 'mod/ugc_1601099764.mod' should be in utf8-bom encoding (will try to use it anyways)
[02:35:55][lexer.cpp:280]: File 'mod/ugc_1601100658.mod' should be in utf8-bom encoding (will try to use it anyways)
[02:35:55][lexer.cpp:280]: File 'mod/ugc_1603190329.mod' should be in utf8-bom encoding (will try to use it anyways)
[02:35:55][lexer.cpp:280]: File 'mod/ugc_1605414395.mod' should be in utf8-bom encoding (will try to use it anyways)
[02:35:55][lexer.cpp:280]: File 'mod/ugc_1605673068.mod' should be in utf8-bom encoding (will try to use it anyways)
[02:35:55][lexer.cpp:280]: File 'mod/ugc_1607524900.mod' should be in utf8-bom encoding (will try to use it anyways)
[02:35:55][lexer.cpp:280]: File 'mod/ugc_1609187451.mod' should be in utf8-bom encoding (will try to use it anyways)
[02:35:55][lexer.cpp:280]: File 'mod/ugc_1610578060.mod' should be in utf8-bom encoding (will try to use it anyways)
[02:35:55][lexer.cpp:280]: File 'mod/ugc_1615439805.mod' should be in utf8-bom encoding (will try to use it anyways)
[02:35:55][lexer.cpp:280]: File 'mod/ugc_1618043577.mod' should be in utf8-bom encoding (will try to use it anyways)
[02:35:55][lexer.cpp:280]: File 'mod/ugc_1619118936.mod' should be in utf8-bom encoding (will try to use it anyways)
[02:35:55][lexer.cpp:280]: File 'mod/ugc_1622132431.mod' should be in utf8-bom encoding (will try to use it anyways)
[02:35:55][lexer.cpp:280]: File 'mod/ugc_1622824280.mod' should be in utf8-bom encoding (will try to use it anyways)
[02:35:55][lexer.cpp:280]: File 'mod/ugc_1626817447.mod' should be in utf8-bom encoding (will try to use it anyways)
[02:35:55][lexer.cpp:280]: File 'mod/ugc_681576508.mod' should be in utf8-bom encoding (will try to use it anyways)
[02:35:55][lexer.cpp:280]: File 'mod/ugc_681816257.mod' should be in utf8-bom encoding (will try to use it anyways)
[02:35:55][lexer.cpp:280]: File 'mod/ugc_683145075.mod' should be in utf8-bom encoding (will try to use it anyways)
[02:35:55][lexer.cpp:280]: File 'mod/ugc_683214348.mod' should be in utf8-bom encoding (will try to use it anyways)
[02:35:55][lexer.cpp:280]: File 'mod/ugc_683230077.mod' should be in utf8-bom encoding (will try to use it anyways)
[02:35:55][lexer.cpp:280]: File 'mod/ugc_683691541.mod' should be in utf8-bom encoding (will try to use it anyways)
[02:35:55][lexer.cpp:280]: File 'mod/ugc_684509615.mod' should be in utf8-bom encoding (will try to use it anyways)
[02:35:55][lexer.cpp:280]: File 'mod/ugc_686666244.mod' should be in utf8-bom encoding (will try to use it anyways)
[02:35:55][lexer.cpp:280]: File 'mod/ugc_687037851.mod' should be in utf8-bom encoding (will try to use it anyways)
[02:35:55][lexer.cpp:280]: File 'mod/ugc_687153337.mod' should be in utf8-bom encoding (will try to use it anyways)
[02:35:55][lexer.cpp:280]: File 'mod/ugc_687648910.mod' should be in utf8-bom encoding (will try to use it anyways)
[02:35:55][lexer.cpp:280]: File 'mod/ugc_692253918.mod' should be in utf8-bom encoding (will try to use it anyways)
[02:35:55][lexer.cpp:280]: File 'mod/ugc_694901727.mod' should be in utf8-bom encoding (will try to use it anyways)
[02:35:55][lexer.cpp:280]: File 'mod/ugc_696904979.mod' should be in utf8-bom encoding (will try to use it anyways)
[02:35:55][lexer.cpp:280]: File 'mod/ugc_696905042.mod' should be in utf8-bom encoding (will try to use it anyways)
[02:35:55][lexer.cpp:280]: File 'mod/ugc_698748677.mod' should be in utf8-bom encoding (will try to use it anyways)
[02:35:55][lexer.cpp:280]: File 'mod/ugc_701432146.mod' should be in utf8-bom encoding (will try to use it anyways)
[02:35:55][lexer.cpp:280]: File 'mod/ugc_707297106.mod' should be in utf8-bom encoding (will try to use it anyways)
[02:35:55][lexer.cpp:280]: File 'mod/ugc_708669421.mod' should be in utf8-bom encoding (will try to use it anyways)
[02:35:55][lexer.cpp:280]: File 'mod/ugc_710345134.mod' should be in utf8-bom encoding (will try to use it anyways)
[02:35:55][lexer.cpp:280]: File 'mod/ugc_711825958.mod' should be in utf8-bom encoding (will try to use it anyways)
[02:35:55][lexer.cpp:280]: File 'mod/ugc_716578929.mod' should be in utf8-bom encoding (will try to use it anyways)
[02:35:55][lexer.cpp:280]: File 'mod/ugc_718529178.mod' should be in utf8-bom encoding (will try to use it anyways)
[02:35:55][lexer.cpp:280]: File 'mod/ugc_718918906.mod' should be in utf8-bom encoding (will try to use it anyways)
[02:35:55][lexer.cpp:280]: File 'mod/ugc_719712462.mod' should be in utf8-bom encoding (will try to use it anyways)
[02:35:55][lexer.cpp:280]: File 'mod/ugc_727000451.mod' should be in utf8-bom encoding (will try to use it anyways)
[02:35:55][lexer.cpp:280]: File 'mod/ugc_731594634.mod' should be in utf8-bom encoding (will try to use it anyways)
[02:35:55][lexer.cpp:280]: File 'mod/ugc_740677109.mod' should be in utf8-bom encoding (will try to use it anyways)
[02:35:55][lexer.cpp:280]: File 'mod/ugc_750210642.mod' should be in utf8-bom encoding (will try to use it anyways)
[02:35:55][lexer.cpp:280]: File 'mod/ugc_785079501.mod' should be in utf8-bom encoding (will try to use it anyways)
[02:35:55][lexer.cpp:280]: File 'mod/ugc_787544179.mod' should be in utf8-bom encoding (will try to use it anyways)
[02:35:55][lexer.cpp:280]: File 'mod/ugc_802551283.mod' should be in utf8-bom encoding (will try to use it anyways)
[02:35:55][lexer.cpp:280]: File 'mod/ugc_803452214.mod' should be in utf8-bom encoding (will try to use it anyways)
[02:35:55][lexer.cpp:280]: File 'mod/ugc_803491311.mod' should be in utf8-bom encoding (will try to use it anyways)
[02:35:55][lexer.cpp:280]: File 'mod/ugc_803553012.mod' should be in utf8-bom encoding (will try to use it anyways)
[02:35:55][lexer.cpp:280]: File 'mod/ugc_803752381.mod' should be in utf8-bom encoding (will try to use it anyways)
[02:35:55][lexer.cpp:280]: File 'mod/ugc_804732593.mod' should be in utf8-bom encoding (will try to use it anyways)
[02:35:55][lexer.cpp:280]: File 'mod/ugc_804946681.mod' should be in utf8-bom encoding (will try to use it anyways)
[02:35:55][lexer.cpp:280]: File 'mod/ugc_805103535.mod' should be in utf8-bom encoding (will try to use it anyways)
[02:35:55][lexer.cpp:280]: File 'mod/ugc_808478850.mod' should be in utf8-bom encoding (will try to use it anyways)
[02:35:55][lexer.cpp:280]: File 'mod/ugc_810204739.mod' should be in utf8-bom encoding (will try to use it anyways)
[02:35:55][lexer.cpp:280]: File 'mod/ugc_812756754.mod' should be in utf8-bom encoding (will try to use it anyways)
[02:35:55][lexer.cpp:280]: File 'mod/ugc_814211685.mod' should be in utf8-bom encoding (will try to use it anyways)
[02:35:55][lexer.cpp:280]: File 'mod/ugc_819007550.mod' should be in utf8-bom encoding (will try to use it anyways)
[02:35:55][lexer.cpp:280]: File 'mod/ugc_824841963.mod' should be in utf8-bom encoding (will try to use it anyways)
[02:35:55][lexer.cpp:280]: File 'mod/ugc_847992735.mod' should be in utf8-bom encoding (will try to use it anyways)
[02:35:55][lexer.cpp:280]: File 'mod/ugc_861800679.mod' should be in utf8-bom encoding (will try to use it anyways)
[02:35:55][lexer.cpp:280]: File 'mod/ugc_863374138.mod' should be in utf8-bom encoding (will try to use it anyways)
[02:35:55][lexer.cpp:280]: File 'mod/ugc_865040033.mod' should be in utf8-bom encoding (will try to use it anyways)
[02:35:55][lexer.cpp:280]: File 'mod/ugc_868965217.mod' should be in utf8-bom encoding (will try to use it anyways)
[02:35:55][lexer.cpp:280]: File 'mod/ugc_872596925.mod' should be in utf8-bom encoding (will try to use it anyways)
[02:35:55][lexer.cpp:280]: File 'mod/ugc_881118424.mod' should be in utf8-bom encoding (will try to use it anyways)
[02:35:55][lexer.cpp:280]: File 'mod/ugc_885800185.mod' should be in utf8-bom encoding (will try to use it anyways)
[02:35:55][lexer.cpp:280]: File 'mod/ugc_890709615.mod' should be in utf8-bom encoding (will try to use it anyways)
[02:35:55][lexer.cpp:280]: File 'mod/ugc_900020505.mod' should be in utf8-bom encoding (will try to use it anyways)
[02:35:55][lexer.cpp:280]: File 'mod/ugc_900526441.mod' should be in utf8-bom encoding (will try to use it anyways)
[02:35:55][lexer.cpp:280]: File 'mod/ugc_902204956.mod' should be in utf8-bom encoding (will try to use it anyways)
[02:35:55][lexer.cpp:280]: File 'mod/ugc_902479647.mod' should be in utf8-bom encoding (will try to use it anyways)
[02:35:55][lexer.cpp:280]: File 'mod/ugc_902490911.mod' should be in utf8-bom encoding (will try to use it anyways)
[02:35:55][lexer.cpp:280]: File 'mod/ugc_902526212.mod' should be in utf8-bom encoding (will try to use it anyways)
[02:35:55][lexer.cpp:280]: File 'mod/ugc_903065522.mod' should be in utf8-bom encoding (will try to use it anyways)
[02:35:55][lexer.cpp:280]: File 'mod/ugc_904956708.mod' should be in utf8-bom encoding (will try to use it anyways)
[02:35:55][lexer.cpp:280]: File 'mod/ugc_905434289.mod' should be in utf8-bom encoding (will try to use it anyways)
[02:35:55][lexer.cpp:280]: File 'mod/ugc_906295690.mod' should be in utf8-bom encoding (will try to use it anyways)
[02:35:55][lexer.cpp:280]: File 'mod/ugc_906565692.mod' should be in utf8-bom encoding (will try to use it anyways)
[02:35:55][lexer.cpp:280]: File 'mod/ugc_907480976.mod' should be in utf8-bom encoding (will try to use it anyways)
[02:35:55][lexer.cpp:280]: File 'mod/ugc_909534906.mod' should be in utf8-bom encoding (will try to use it anyways)
[02:35:55][lexer.cpp:280]: File 'mod/ugc_910194605.mod' should be in utf8-bom encoding (will try to use it anyways)
[02:35:55][lexer.cpp:280]: File 'mod/ugc_910576007.mod' should be in utf8-bom encoding (will try to use it anyways)
[02:35:55][lexer.cpp:280]: File 'mod/ugc_912090134.mod' should be in utf8-bom encoding (will try to use it anyways)
[02:35:55][lexer.cpp:280]: File 'mod/ugc_915274859.mod' should be in utf8-bom encoding (will try to use it anyways)
[02:35:55][lexer.cpp:280]: File 'mod/ugc_917206871.mod' should be in utf8-bom encoding (will try to use it anyways)
[02:35:55][lexer.cpp:280]: File 'mod/ugc_921614587.mod' should be in utf8-bom encoding (will try to use it anyways)
[02:35:55][lexer.cpp:280]: File 'mod/ugc_926176169.mod' should be in utf8-bom encoding (will try to use it anyways)
[02:35:55][lexer.cpp:280]: File 'mod/ugc_929140455.mod' should be in utf8-bom encoding (will try to use it anyways)
[02:35:55][lexer.cpp:280]: File 'mod/ugc_930783620.mod' should be in utf8-bom encoding (will try to use it anyways)
[02:35:55][lexer.cpp:280]: File 'mod/ugc_933075365.mod' should be in utf8-bom encoding (will try to use it anyways)
[02:35:55][lexer.cpp:280]: File 'mod/ugc_939367993.mod' should be in utf8-bom encoding (will try to use it anyways)
[02:35:55][lexer.cpp:280]: File 'mod/ugc_949671941.mod' should be in utf8-bom encoding (will try to use it anyways)
[02:35:55][lexer.cpp:280]: File 'mod/ugc_964425999.mod' should be in utf8-bom encoding (will try to use it anyways)
[02:35:55][lexer.cpp:280]: File 'mod/ugc_964691167.mod' should be in utf8-bom encoding (will try to use it anyways)
[02:36:52][pdxmeshtype.cpp:720]: Failed to find animation: "mammalian_10_happy_4_animation"... Make sure it is declared in a .asset file.
[02:36:52][graphics.cpp:538]: a 3d-type with the name "mammalian_01_5_0_exhaust_oblong_idle_particle" already exists!  file: gfx/particles/_exhaust_particles.gfx line: 312
[02:36:52][graphics.cpp:538]: a 3d-type with the name "mammalian_01_5_0_ship_exhaust_oblong_moving_particle" already exists!  file: gfx/particles/_exhaust_particles.gfx line: 757
[02:36:54][pdxassetutil.cpp:109]: Duplicate texture 'human_female_clothes_governor.dds' found (current path 'gfx/models/portraits/quarian/human_female_clothes_governor.dds', previous path 'gfx/models/portraits/human/human_female_clothes_governor.dds')
[02:36:54][pdxassetutil.cpp:109]: Duplicate texture 'human_female_hair_1_1.dds' found (current path 'gfx/models/portraits/human/human_female_hair_1_1.dds', previous path 'gfx/models/portraits/goauld_hairs/human_female_hair_1_1.dds')
[02:36:54][pdxassetutil.cpp:109]: Duplicate texture 'human_female_hair_1_2.dds' found (current path 'gfx/models/portraits/human/human_female_hair_1_2.dds', previous path 'gfx/models/portraits/goauld_hairs/human_female_hair_1_2.dds')
[02:36:54][pdxassetutil.cpp:109]: Duplicate texture 'human_female_hair_black_style_01.dds' found (current path 'gfx/models/portraits/human/human_female_hair_black_style_01.dds', previous path 'gfx/models/portraits/goauld_hairs/human_female_hair_black_style_01.dds')
[02:36:54][pdxassetutil.cpp:109]: Duplicate texture 'human_female_hair_black_style_02.dds' found (current path 'gfx/models/portraits/human/human_female_hair_black_style_02.dds', previous path 'gfx/models/portraits/goauld_hairs/human_female_hair_black_style_02.dds')
[02:36:54][pdxassetutil.cpp:109]: Duplicate texture 'human_female_hair_black_style_03.dds' found (current path 'gfx/models/portraits/human/human_female_hair_black_style_03.dds', previous path 'gfx/models/portraits/goauld_hairs/human_female_hair_black_style_03.dds')
[02:36:54][pdxassetutil.cpp:109]: Duplicate texture 'human_female_hair_black_style_04.dds' found (current path 'gfx/models/portraits/human/human_female_hair_black_style_04.dds', previous path 'gfx/models/portraits/goauld_hairs/human_female_hair_black_style_04.dds')
[02:36:54][pdxassetutil.cpp:109]: Duplicate texture 'human_female_hair_blonde_style_01.dds' found (current path 'gfx/models/portraits/human/human_female_hair_blonde_style_01.dds', previous path 'gfx/models/portraits/goauld_hairs/human_female_hair_blonde_style_01.dds')
[02:36:54][pdxassetutil.cpp:109]: Duplicate texture 'human_female_hair_blonde_style_02.dds' found (current path 'gfx/models/portraits/human/human_female_hair_blonde_style_02.dds', previous path 'gfx/models/portraits/goauld_hairs/human_female_hair_blonde_style_02.dds')
[02:36:54][pdxassetutil.cpp:109]: Duplicate texture 'human_female_hair_blonde_style_03.dds' found (current path 'gfx/models/portraits/human/human_female_hair_blonde_style_03.dds', previous path 'gfx/models/portraits/goauld_hairs/human_female_hair_blonde_style_03.dds')
[02:36:54][pdxassetutil.cpp:109]: Duplicate texture 'human_female_hair_blonde_style_04.dds' found (current path 'gfx/models/portraits/human/human_female_hair_blonde_style_04.dds', previous path 'gfx/models/portraits/goauld_hairs/human_female_hair_blonde_style_04.dds')
[02:36:54][pdxassetutil.cpp:109]: Duplicate texture 'human_female_hair_brown_style_01.dds' found (current path 'gfx/models/portraits/human/human_female_hair_brown_style_01.dds', previous path 'gfx/models/portraits/goauld_hairs/human_female_hair_brown_style_01.dds')
[02:36:54][pdxassetutil.cpp:109]: Duplicate texture 'human_female_hair_brown_style_02.dds' found (current path 'gfx/models/portraits/human/human_female_hair_brown_style_02.dds', previous path 'gfx/models/portraits/goauld_hairs/human_female_hair_brown_style_02.dds')
[02:36:54][pdxassetutil.cpp:109]: Duplicate texture 'human_female_hair_brown_style_03.dds' found (current path 'gfx/models/portraits/human/human_female_hair_brown_style_03.dds', previous path 'gfx/models/portraits/goauld_hairs/human_female_hair_brown_style_03.dds')
[02:36:54][pdxassetutil.cpp:109]: Duplicate texture 'human_female_hair_brown_style_04.dds' found (current path 'gfx/models/portraits/human/human_female_hair_brown_style_04.dds', previous path 'gfx/models/portraits/goauld_hairs/human_female_hair_brown_style_04.dds')
[02:36:54][pdxassetutil.cpp:109]: Duplicate texture 'human_female_hair_cendre_style_01.dds' found (current path 'gfx/models/portraits/human/human_female_hair_cendre_style_01.dds', previous path 'gfx/models/portraits/goauld_hairs/human_female_hair_cendre_style_01.dds')
[02:36:54][pdxassetutil.cpp:109]: Duplicate texture 'human_female_hair_cendre_style_02.dds' found (current path 'gfx/models/portraits/human/human_female_hair_cendre_style_02.dds', previous path 'gfx/models/portraits/goauld_hairs/human_female_hair_cendre_style_02.dds')
[02:36:54][pdxassetutil.cpp:109]: Duplicate texture 'human_female_hair_cendre_style_03.dds' found (current path 'gfx/models/portraits/human/human_female_hair_cendre_style_03.dds', previous path 'gfx/models/portraits/goauld_hairs/human_female_hair_cendre_style_03.dds')
[02:36:54][pdxassetutil.cpp:109]: Duplicate texture 'human_female_hair_cendre_style_04.dds' found (current path 'gfx/models/portraits/human/human_female_hair_cendre_style_04.dds', previous path 'gfx/models/portraits/goauld_hairs/human_female_hair_cendre_style_04.dds')
[02:36:54][pdxassetutil.cpp:109]: Duplicate texture 'human_female_hair_gray_style_03.dds' found (current path 'gfx/models/portraits/human/human_female_hair_gray_style_03.dds', previous path 'gfx/models/portraits/goauld_hairs/human_female_hair_gray_style_03.dds')
[02:36:54][pdxassetutil.cpp:109]: Duplicate texture 'human_female_hair_red_style_01.dds' found (current path 'gfx/models/portraits/human/human_female_hair_red_style_01.dds', previous path 'gfx/models/portraits/goauld_hairs/human_female_hair_red_style_01.dds')
[02:36:54][pdxassetutil.cpp:109]: Duplicate texture 'human_female_hair_red_style_02.dds' found (current path 'gfx/models/portraits/human/human_female_hair_red_style_02.dds', previous path 'gfx/models/portraits/goauld_hairs/human_female_hair_red_style_02.dds')
[02:36:54][pdxassetutil.cpp:109]: Duplicate texture 'human_female_hair_red_style_03.dds' found (current path 'gfx/models/portraits/human/human_female_hair_red_style_03.dds', previous path 'gfx/models/portraits/goauld_hairs/human_female_hair_red_style_03.dds')
[02:36:54][pdxassetutil.cpp:109]: Duplicate texture 'human_female_hair_red_style_04.dds' found (current path 'gfx/models/portraits/human/human_female_hair_red_style_04.dds', previous path 'gfx/models/portraits/goauld_hairs/human_female_hair_red_style_04.dds')
[02:36:54][pdxassetutil.cpp:109]: Duplicate texture 'human_male_hair_1_1.dds' found (current path 'gfx/models/portraits/human/human_male_hair_1_1.dds', previous path 'gfx/models/portraits/goauld_hairs/human_male_hair_1_1.dds')
[02:36:54][pdxassetutil.cpp:109]: Duplicate texture 'human_male_hair_black_style_01.dds' found (current path 'gfx/models/portraits/human/human_male_hair_black_style_01.dds', previous path 'gfx/models/portraits/goauld_hairs/human_male_hair_black_style_01.dds')
[02:36:54][pdxassetutil.cpp:109]: Duplicate texture 'human_male_hair_black_style_01_and_beard_dark_style_01.dds' found (current path 'gfx/models/portraits/human/human_male_hair_black_style_01_and_beard_dark_style_01.dds', previous path 'gfx/models/portraits/goauld_hairs/human_male_hair_black_style_01_and_beard_dark_style_01.dds')
[02:36:54][pdxassetutil.cpp:109]: Duplicate texture 'human_male_hair_black_style_01_and_beard_dark_style_02.dds' found (current path 'gfx/models/portraits/human/human_male_hair_black_style_01_and_beard_dark_style_02.dds', previous path 'gfx/models/portraits/goauld_hairs/human_male_hair_black_style_01_and_beard_dark_style_02.dds')
[02:36:54][pdxassetutil.cpp:109]: Duplicate texture 'human_male_hair_black_style_02.dds' found (current path 'gfx/models/portraits/human/human_male_hair_black_style_02.dds', previous path 'gfx/models/portraits/goauld_hairs/human_male_hair_black_style_02.dds')
[02:36:54][pdxassetutil.cpp:109]: Duplicate texture 'human_male_hair_black_style_02_and_beard_dark_style_01.dds' found (current path 'gfx/models/portraits/human/human_male_hair_black_style_02_and_beard_dark_style_01.dds', previous path 'gfx/models/portraits/goauld_hairs/human_male_hair_black_style_02_and_beard_dark_style_01.dds')
[02:36:54][pdxassetutil.cpp:109]: Duplicate texture 'human_male_hair_black_style_02_and_beard_dark_style_02.dds' found (current path 'gfx/models/portraits/human/human_male_hair_black_style_02_and_beard_dark_style_02.dds', previous path 'gfx/models/portraits/goauld_hairs/human_male_hair_black_style_02_and_beard_dark_style_02.dds')
[02:36:54][pdxassetutil.cpp:109]: Duplicate texture 'human_male_hair_black_style_03.dds' found (current path 'gfx/models/portraits/human/human_male_hair_black_style_03.dds', previous path 'gfx/models/portraits/goauld_hairs/human_male_hair_black_style_03.dds')
[02:36:54][pdxassetutil.cpp:109]: Duplicate texture 'human_male_hair_black_style_03_and_beard_dark_style_01.dds' found (current path 'gfx/models/portraits/human/human_male_hair_black_style_03_and_beard_dark_style_01.dds', previous path 'gfx/models/portraits/goauld_hairs/human_male_hair_black_style_03_and_beard_dark_style_01.dds')
[02:36:54][pdxassetutil.cpp:109]: Duplicate texture 'human_male_hair_black_style_03_and_beard_dark_style_02.dds' found (current path 'gfx/models/portraits/human/human_male_hair_black_style_03_and_beard_dark_style_02.dds', previous path 'gfx/models/portraits/goauld_hairs/human_male_hair_black_style_03_and_beard_dark_style_02.dds')
[02:36:54][pdxassetutil.cpp:109]: Duplicate texture 'human_male_hair_black_style_04.dds' found (current path 'gfx/models/portraits/human/human_male_hair_black_style_04.dds', previous path 'gfx/models/portraits/goauld_hairs/human_male_hair_black_style_04.dds')
[02:36:54][pdxassetutil.cpp:109]: Duplicate texture 'human_male_hair_black_style_04_and_beard_dark_style_01.dds' found (current path 'gfx/models/portraits/human/human_male_hair_black_style_04_and_beard_dark_style_01.dds', previous path 'gfx/models/portraits/goauld_hairs/human_male_hair_black_style_04_and_beard_dark_style_01.dds')
[02:36:54][pdxassetutil.cpp:109]: Duplicate texture 'human_male_hair_black_style_04_and_beard_dark_style_02.dds' found (current path 'gfx/models/portraits/human/human_male_hair_black_style_04_and_beard_dark_style_02.dds', previous path 'gfx/models/portraits/goauld_hairs/human_male_hair_black_style_04_and_beard_dark_style_02.dds')
[02:36:54][pdxassetutil.cpp:109]: Duplicate texture 'human_male_hair_blonde_style_02.dds' found (current path 'gfx/models/portraits/human/human_male_hair_blonde_style_02.dds', previous path 'gfx/models/portraits/goauld_hairs/human_male_hair_blonde_style_02.dds')
[02:36:54][pdxassetutil.cpp:109]: Duplicate texture 'human_male_hair_blonde_style_02_and_beard_light_style_01.dds' found (current path 'gfx/models/portraits/human/human_male_hair_blonde_style_02_and_beard_light_style_01.dds', previous path 'gfx/models/portraits/goauld_hairs/human_male_hair_blonde_style_02_and_beard_light_style_01.dds')
[02:36:54][pdxassetutil.cpp:109]: Duplicate texture 'human_male_hair_blonde_style_02_and_beard_light_style_02.dds' found (current path 'gfx/models/portraits/human/human_male_hair_blonde_style_02_and_beard_light_style_02.dds', previous path 'gfx/models/portraits/goauld_hairs/human_male_hair_blonde_style_02_and_beard_light_style_02.dds')
[02:36:54][pdxassetutil.cpp:109]: Duplicate texture 'human_male_hair_blonde_style_03.dds' found (current path 'gfx/models/portraits/human/human_male_hair_blonde_style_03.dds', previous path 'gfx/models/portraits/goauld_hairs/human_male_hair_blonde_style_03.dds')
[02:36:54][pdxassetutil.cpp:109]: Duplicate texture 'human_male_hair_blonde_style_03_and_beard_light_style_01.dds' found (current path 'gfx/models/portraits/human/human_male_hair_blonde_style_03_and_beard_light_style_01.dds', previous path 'gfx/models/portraits/goauld_hairs/human_male_hair_blonde_style_03_and_beard_light_style_01.dds')
[02:36:54][pdxassetutil.cpp:109]: Duplicate texture 'human_male_hair_blonde_style_03_and_beard_light_style_02.dds' found (current path 'gfx/models/portraits/human/human_male_hair_blonde_style_03_and_beard_light_style_02.dds', previous path 'gfx/models/portraits/goauld_hairs/human_male_hair_blonde_style_03_and_beard_light_style_02.dds')
[02:36:54][pdxassetutil.cpp:109]: Duplicate texture 'human_male_hair_blonde_style_04.dds' found (current path 'gfx/models/portraits/human/human_male_hair_blonde_style_04.dds', previous path 'gfx/models/portraits/goauld_hairs/human_male_hair_blonde_style_04.dds')
[02:36:54][pdxassetutil.cpp:109]: Duplicate texture 'human_male_hair_blonde_style_04_and_beard_light_style_01.dds' found (current path 'gfx/models/portraits/human/human_male_hair_blonde_style_04_and_beard_light_style_01.dds', previous path 'gfx/models/portraits/goauld_hairs/human_male_hair_blonde_style_04_and_beard_light_style_01.dds')
[02:36:54][pdxassetutil.cpp:109]: Duplicate texture 'human_male_hair_blonde_style_04_and_beard_light_style_02.dds' found (current path 'gfx/models/portraits/human/human_male_hair_blonde_style_04_and_beard_light_style_02.dds', previous path 'gfx/models/portraits/goauld_hairs/human_male_hair_blonde_style_04_and_beard_light_style_02.dds')
[02:36:54][pdxassetutil.cpp:109]: Duplicate texture 'human_male_hair_brown_style_02.dds' found (current path 'gfx/models/portraits/human/human_male_hair_brown_style_02.dds', previous path 'gfx/models/portraits/goauld_hairs/human_male_hair_brown_style_02.dds')
[02:36:54][pdxassetutil.cpp:109]: Duplicate texture 'human_male_hair_brown_style_02_and_beard_dark_style_01.dds' found (current path 'gfx/models/portraits/human/human_male_hair_brown_style_02_and_beard_dark_style_01.dds', previous path 'gfx/models/portraits/goauld_hairs/human_male_hair_brown_style_02_and_beard_dark_style_01.dds')
[02:36:54][pdxassetutil.cpp:109]: Duplicate texture 'human_male_hair_brown_style_02_and_beard_dark_style_02.dds' found (current path 'gfx/models/portraits/human/human_male_hair_brown_style_02_and_beard_dark_style_02.dds', previous path 'gfx/models/portraits/goauld_hairs/human_male_hair_brown_style_02_and_beard_dark_style_02.dds')
[02:36:54][pdxassetutil.cpp:109]: Duplicate texture 'human_male_hair_brown_style_03.dds' found (current path 'gfx/models/portraits/human/human_male_hair_brown_style_03.dds', previous path 'gfx/models/portraits/goauld_hairs/human_male_hair_brown_style_03.dds')
[02:36:54][pdxassetutil.cpp:109]: Duplicate texture 'human_male_hair_brown_style_03_and_beard_dark_style_01.dds' found (current path 'gfx/models/portraits/human/human_male_hair_brown_style_03_and_beard_dark_style_01.dds', previous path 'gfx/models/portraits/goauld_hairs/human_male_hair_brown_style_03_and_beard_dark_style_01.dds')
[02:36:54][pdxassetutil.cpp:109]: Duplicate texture 'human_male_hair_brown_style_03_and_beard_dark_style_02.dds' found (current path 'gfx/models/portraits/human/human_male_hair_brown_style_03_and_beard_dark_style_02.dds', previous path 'gfx/models/portraits/goauld_hairs/human_male_hair_brown_style_03_and_beard_dark_style_02.dds')
[02:36:54][pdxassetutil.cpp:109]: Duplicate texture 'human_male_hair_brown_style_04.dds' found (current path 'gfx/models/portraits/human/human_male_hair_brown_style_04.dds', previous path 'gfx/models/portraits/goauld_hairs/human_male_hair_brown_style_04.dds')
[02:36:54][pdxassetutil.cpp:109]: Duplicate texture 'human_male_hair_brown_style_04_and_beard_dark_style_01.dds' found (current path 'gfx/models/portraits/human/human_male_hair_brown_style_04_and_beard_dark_style_01.dds', previous path 'gfx/models/portraits/goauld_hairs/human_male_hair_brown_style_04_and_beard_dark_style_01.dds')
[02:36:54][pdxassetutil.cpp:109]: Duplicate texture 'human_male_hair_brown_style_04_and_beard_dark_style_02.dds' found (current path 'gfx/models/portraits/human/human_male_hair_brown_style_04_and_beard_dark_style_02.dds', previous path 'gfx/models/portraits/goauld_hairs/human_male_hair_brown_style_04_and_beard_dark_style_02.dds')
[02:36:54][pdxassetutil.cpp:109]: Duplicate texture 'human_male_hair_cendre_style_01.dds' found (current path 'gfx/models/portraits/human/human_male_hair_cendre_style_01.dds', previous path 'gfx/models/portraits/goauld_hairs/human_male_hair_cendre_style_01.dds')
[02:36:54][pdxassetutil.cpp:109]: Duplicate texture 'human_male_hair_cendre_style_01_and_beard_light_style_01.dds' found (current path 'gfx/models/portraits/human/human_male_hair_cendre_style_01_and_beard_light_style_01.dds', previous path 'gfx/models/portraits/goauld_hairs/human_male_hair_cendre_style_01_and_beard_light_style_01.dds')
[02:36:54][pdxassetutil.cpp:109]: Duplicate texture 'human_male_hair_cendre_style_01_and_beard_light_style_02.dds' found (current path 'gfx/models/portraits/human/human_male_hair_cendre_style_01_and_beard_light_style_02.dds', previous path 'gfx/models/portraits/goauld_hairs/human_male_hair_cendre_style_01_and_beard_light_style_02.dds')
[02:36:54][pdxassetutil.cpp:109]: Duplicate texture 'human_male_hair_cendre_style_02.dds' found (current path 'gfx/models/portraits/human/human_male_hair_cendre_style_02.dds', previous path 'gfx/models/portraits/goauld_hairs/human_male_hair_cendre_style_02.dds')
[02:36:54][pdxassetutil.cpp:109]: Duplicate texture 'human_male_hair_cendre_style_02_and_beard_light_style_01.dds' found (current path 'gfx/models/portraits/human/human_male_hair_cendre_style_02_and_beard_light_style_01.dds', previous path 'gfx/models/portraits/goauld_hairs/human_male_hair_cendre_style_02_and_beard_light_style_01.dds')
[02:36:54][pdxassetutil.cpp:109]: Duplicate texture 'human_male_hair_cendre_style_02_and_beard_light_style_02.dds' found (current path 'gfx/models/portraits/human/human_male_hair_cendre_style_02_and_beard_light_style_02.dds', previous path 'gfx/models/portraits/goauld_hairs/human_male_hair_cendre_style_02_and_beard_light_style_02.dds')
[02:36:54][pdxassetutil.cpp:109]: Duplicate texture 'human_male_hair_cendre_style_03.dds' found (current path 'gfx/models/portraits/human/human_male_hair_cendre_style_03.dds', previous path 'gfx/models/portraits/goauld_hairs/human_male_hair_cendre_style_03.dds')
[02:36:54][pdxassetutil.cpp:109]: Duplicate texture 'human_male_hair_cendre_style_03_and_beard_light_style_01.dds' found (current path 'gfx/models/portraits/human/human_male_hair_cendre_style_03_and_beard_light_style_01.dds', previous path 'gfx/models/portraits/goauld_hairs/human_male_hair_cendre_style_03_and_beard_light_style_01.dds')
[02:36:54][pdxassetutil.cpp:109]: Duplicate texture 'human_male_hair_cendre_style_03_and_beard_light_style_02.dds' found (current path 'gfx/models/portraits/human/human_male_hair_cendre_style_03_and_beard_light_style_02.dds', previous path 'gfx/models/portraits/goauld_hairs/human_male_hair_cendre_style_03_and_beard_light_style_02.dds')
[02:36:54][pdxassetutil.cpp:109]: Duplicate texture 'human_male_hair_cendre_style_04.dds' found (current path 'gfx/models/portraits/human/human_male_hair_cendre_style_04.dds', previous path 'gfx/models/portraits/goauld_hairs/human_male_hair_cendre_style_04.dds')
[02:36:54][pdxassetutil.cpp:109]: Duplicate texture 'human_male_hair_cendre_style_04_and_beard_light_style_01.dds' found (current path 'gfx/models/portraits/human/human_male_hair_cendre_style_04_and_beard_light_style_01.dds', previous path 'gfx/models/portraits/goauld_hairs/human_male_hair_cendre_style_04_and_beard_light_style_01.dds')
[02:36:54][pdxassetutil.cpp:109]: Duplicate texture 'human_male_hair_cendre_style_04_and_beard_light_style_02.dds' found (current path 'gfx/models/portraits/human/human_male_hair_cendre_style_04_and_beard_light_style_02.dds', previous path 'gfx/models/portraits/goauld_hairs/human_male_hair_cendre_style_04_and_beard_light_style_02.dds')
[02:36:54][pdxassetutil.cpp:109]: Duplicate texture 'human_male_hair_gray_style_03.dds' found (current path 'gfx/models/portraits/human/human_male_hair_gray_style_03.dds', previous path 'gfx/models/portraits/goauld_hairs/human_male_hair_gray_style_03.dds')
[02:36:54][pdxassetutil.cpp:109]: Duplicate texture 'human_male_hair_gray_style_04.dds' found (current path 'gfx/models/portraits/human/human_male_hair_gray_style_04.dds', previous path 'gfx/models/portraits/goauld_hairs/human_male_hair_gray_style_04.dds')
[02:36:54][pdxassetutil.cpp:109]: Duplicate texture 'human_male_hair_red_style_02.dds' found (current path 'gfx/models/portraits/human/human_male_hair_red_style_02.dds', previous path 'gfx/models/portraits/goauld_hairs/human_male_hair_red_style_02.dds')
[02:36:54][pdxassetutil.cpp:109]: Duplicate texture 'human_male_hair_red_style_02_and_beard_light_style_01.dds' found (current path 'gfx/models/portraits/human/human_male_hair_red_style_02_and_beard_light_style_01.dds', previous path 'gfx/models/portraits/goauld_hairs/human_male_hair_red_style_02_and_beard_light_style_01.dds')
[02:36:54][pdxassetutil.cpp:109]: Duplicate texture 'human_male_hair_red_style_02_and_beard_light_style_02.dds' found (current path 'gfx/models/portraits/human/human_male_hair_red_style_02_and_beard_light_style_02.dds', previous path 'gfx/models/portraits/goauld_hairs/human_male_hair_red_style_02_and_beard_light_style_02.dds')
[02:36:54][pdxassetutil.cpp:109]: Duplicate texture 'human_male_hair_red_style_03.dds' found (current path 'gfx/models/portraits/human/human_male_hair_red_style_03.dds', previous path 'gfx/models/portraits/goauld_hairs/human_male_hair_red_style_03.dds')
[02:36:54][pdxassetutil.cpp:109]: Duplicate texture 'human_male_hair_red_style_03_and_beard_light_style_01.dds' found (current path 'gfx/models/portraits/human/human_male_hair_red_style_03_and_beard_light_style_01.dds', previous path 'gfx/models/portraits/goauld_hairs/human_male_hair_red_style_03_and_beard_light_style_01.dds')
[02:36:54][pdxassetutil.cpp:109]: Duplicate texture 'human_male_hair_red_style_03_and_beard_light_style_02.dds' found (current path 'gfx/models/portraits/human/human_male_hair_red_style_03_and_beard_light_style_02.dds', previous path 'gfx/models/portraits/goauld_hairs/human_male_hair_red_style_03_and_beard_light_style_02.dds')
[02:36:54][pdxassetutil.cpp:109]: Duplicate texture 'human_male_hair_red_style_04.dds' found (current path 'gfx/models/portraits/human/human_male_hair_red_style_04.dds', previous path 'gfx/models/portraits/goauld_hairs/human_male_hair_red_style_04.dds')
[02:36:54][pdxassetutil.cpp:109]: Duplicate texture 'human_male_hair_red_style_04_and_beard_light_style_01.dds' found (current path 'gfx/models/portraits/human/human_male_hair_red_style_04_and_beard_light_style_01.dds', previous path 'gfx/models/portraits/goauld_hairs/human_male_hair_red_style_04_and_beard_light_style_01.dds')
[02:36:54][pdxassetutil.cpp:109]: Duplicate texture 'human_male_hair_red_style_04_and_beard_light_style_02.dds' found (current path 'gfx/models/portraits/human/human_male_hair_red_style_04_and_beard_light_style_02.dds', previous path 'gfx/models/portraits/goauld_hairs/human_male_hair_red_style_04_and_beard_light_style_02.dds')
[02:36:55][pdxassetutil.cpp:630]: Failed to create material with shader CollisionSkinned for mesh [clouds_shadow_geosphereShape] in gfx/models/planets/gpm_shielded_planet.mesh
[02:37:01][pdxassetutil.cpp:149]: Failed to find texture 'human_female_clothes_governer.dds'
[02:37:01][texturehandler.cpp:171]: Texture Handler encountered missing texture file: gfx/models/portraits/quarian/human_female_clothes_governer.dds
[02:37:04][pdx_entity.cpp:2314]: Couldn't find mesh "portrait_synth_avian_male10_mesh" (or portrait_synth_avian_male10_mesh is not of 'pdxmesh' type) [portrait_synth_avian_male10_entity]
[02:37:04][pdx_entity.cpp:244]: portrait_synth_avian_male10_entity.idle uses [animation = idle] but the entity does not have an animated mesh!
[02:37:04][pdx_entity.cpp:244]: portrait_synth_avian_male10_entity.idle uses [animation = idle2] but the entity does not have an animated mesh!
[02:37:04][pdx_entity.cpp:2314]: Couldn't find mesh "portrait_synth_avian_female10_mesh" (or portrait_synth_avian_female10_mesh is not of 'pdxmesh' type) [portrait_synth_avian_female10_entity]
[02:37:04][pdx_entity.cpp:244]: portrait_synth_avian_female10_entity.idle uses [animation = idle] but the entity does not have an animated mesh!
[02:37:04][pdx_entity.cpp:244]: portrait_synth_avian_female10_entity.idle uses [animation = idle2] but the entity does not have an animated mesh!
[02:37:04][pdx_entity.cpp:2251]: Duplicate of portrait_fungoid_16_entity added to entity system
[02:37:04][pdx_entity.cpp:230]: Could not find animation "idle4" for state "idle" in entity "portrait_mammalian_female_10_entity"
[02:37:04][pdx_entity.cpp:230]: Could not find animation "sad" for state "sad" in entity "portrait_zeriphen_female_01_entity"
[02:37:04][pdx_entity.cpp:230]: Could not find animation "sad2" for state "sad" in entity "portrait_zeriphen_female_01_entity"
[02:37:04][pdx_entity.cpp:230]: Could not find animation "sad" for state "sad" in entity "portrait_zeriphen_male_01_entity"
[02:37:04][pdx_entity.cpp:230]: Could not find animation "sad2" for state "sad" in entity "portrait_zeriphen_male_01_entity"
[02:37:04][pdx_entity.cpp:2251]: Duplicate of humanoid_01_Dreadnought_bow_L1S4_entity added to entity system
[02:37:04][pdx_entity.cpp:2308]: Missing default_state for entity "mem_ancient_02_starbase_citadel_entity" with animated mesh "ancient_station_m_mesh" and no attributes
[02:37:04][pdx_entity.cpp:2251]: Duplicate of molluscoid_01_turret_energy_torpedo_entity added to entity system
[02:37:04][pdx_entity.cpp:2251]: Duplicate of molluscoid_01_starbase_citadel_part2_entity added to entity system
[02:37:05][pdx_entity.cpp:429]: Failed to find entity "molluscoid_01_starbase_stronghold_part2_entity" for attachment in 
[02:37:05][strategic_resource.cpp:294]: Did not find a greyscale icon for resource: yin
[02:37:05][game_singleobjectdatabase.h:147]: Object with key: ships already exists
[02:37:06][game_singleobjectdatabase.h:147]: Object with key: assault_army already exists
[02:37:06][game_singleobjectdatabase.h:147]: Object with key: slave_army already exists
[02:37:06][game_singleobjectdatabase.h:147]: Object with key: clone_army already exists
[02:37:06][game_singleobjectdatabase.h:147]: Object with key: psionic_army already exists
[02:37:06][game_singleobjectdatabase.h:147]: Object with key: xenomorph_army already exists
[02:37:06][game_singleobjectdatabase.h:147]: Object with key: gene_warrior_army already exists
[02:37:06][game_singleobjectdatabase.h:147]: Object with key: titanic_assault_army already exists
[02:37:06][game_singleobjectdatabase.h:147]: Object with key: titanic_azizian_assault_army already exists
[02:37:08][game_singleobjectdatabase.h:147]: Object with key: eventship_04 already exists
[02:37:08][game_singleobjectdatabase.h:147]: Object with key: space_dragon_red already exists
[02:37:08][game_singleobjectdatabase.h:147]: Object with key: enclave_station already exists
[02:37:08][game_singleobjectdatabase.h:147]: Object with key: stellarite already exists
[02:37:08][game_singleobjectdatabase.h:147]: Object with key: sphere already exists
[02:37:08][game_singleobjectdatabase.h:147]: Object with key: station_xl already exists
[02:37:08][game_singleobjectdatabase.h:147]: Object with key: station_l already exists
[02:37:08][game_singleobjectdatabase.h:147]: Object with key: station_m already exists
[02:37:08][game_singleobjectdatabase.h:147]: Object with key: station_s already exists
[02:37:08][game_singleobjectdatabase.h:147]: Object with key: station_xs already exists
[02:37:08][game_singleobjectdatabase.h:147]: Object with key: dimensional_horror already exists
[02:37:08][game_singleobjectdatabase.h:147]: Object with key: npc_warship_01 already exists
[02:37:08][game_singleobjectdatabase.h:147]: Object with key: wraith_01_blue already exists
[02:37:08][game_singleobjectdatabase.h:147]: Object with key: wraith_01_red already exists
[02:37:08][game_singleobjectdatabase.h:147]: Object with key: wraith_01_yellow already exists
[02:37:08][game_singleobjectdatabase.h:147]: Object with key: space_dragon_baby already exists
[02:37:08][game_singleobjectdatabase.h:147]: Object with key: psionic_avatar already exists
[02:37:08][game_singleobjectdatabase.h:147]: Object with key: corrupted_avatar already exists
[02:37:08][game_singleobjectdatabase.h:147]: Object with key: shroud_manifestation already exists
[02:37:08][game_singleobjectdatabase.h:147]: Object with key: warped_consciousness already exists
[02:37:09][game_singleobjectdatabase.h:147]: Object with key: default already exists
[02:37:09][game_singleobjectdatabase.h:147]: Object with key: global_event already exists
[02:37:09][game_singleobjectdatabase.h:147]: Object with key: faction already exists
[02:37:09][game_singleobjectdatabase.h:147]: Object with key: adversary already exists
[02:37:09][game_singleobjectdatabase.h:147]: Object with key: neutral_faction already exists
[02:37:09][game_singleobjectdatabase.h:147]: Object with key: nomad already exists
[02:37:09][game_singleobjectdatabase.h:147]: Object with key: pirate already exists
[02:37:09][game_singleobjectdatabase.h:147]: Object with key: dormant_marauders already exists
[02:37:09][game_singleobjectdatabase.h:147]: Object with key: ruined_marauders already exists
[02:37:09][game_singleobjectdatabase.h:147]: Object with key: awakened_marauders already exists
[02:37:09][game_singleobjectdatabase.h:147]: Object with key: fallen_empire already exists
[02:37:09][game_singleobjectdatabase.h:147]: Object with key: awakened_fallen_empire already exists
[02:37:09][game_singleobjectdatabase.h:147]: Object with key: primitive already exists
[02:37:09][game_singleobjectdatabase.h:147]: Object with key: rebel already exists
[02:37:09][game_singleobjectdatabase.h:147]: Object with key: ambient already exists
[02:37:09][game_singleobjectdatabase.h:147]: Object with key: enclave already exists
[02:37:09][game_singleobjectdatabase.h:147]: Object with key: shroud already exists
[02:37:09][game_singleobjectdatabase.h:147]: Object with key: shroud_spirits already exists
[02:37:09][game_singleobjectdatabase.h:147]: Object with key: swarm already exists
[02:37:09][game_singleobjectdatabase.h:147]: Object with key: extradimensional already exists
[02:37:09][game_singleobjectdatabase.h:147]: Object with key: extradimensional_2 already exists
[02:37:09][game_singleobjectdatabase.h:147]: Object with key: extradimensional_3 already exists
[02:37:09][game_singleobjectdatabase.h:147]: Object with key: ai_empire already exists
[02:37:09][game_singleobjectdatabase.h:147]: Object with key: cybrex_empire already exists
[02:37:09][game_singleobjectdatabase.h:147]: Object with key: sentinels already exists
[02:37:09][game_singleobjectdatabase.h:147]: Object with key: gate_builders already exists
[02:37:09][game_singleobjectdatabase.h:147]: Object with key: gray already exists
[02:37:09][game_singleobjectdatabase.h:147]: Object with key: tiyanki already exists
[02:37:09][game_singleobjectdatabase.h:147]: Object with key: amoeba already exists
[02:37:09][game_singleobjectdatabase.h:147]: Object with key: crystal already exists
[02:37:09][game_singleobjectdatabase.h:147]: Object with key: drone already exists
[02:37:09][game_singleobjectdatabase.h:147]: Object with key: cloud already exists
[02:37:09][game_singleobjectdatabase.h:147]: Object with key: portal_holder already exists
[02:37:09][game_singleobjectdatabase.h:147]: Object with key: feral_prethoryn already exists
[02:37:09][game_singleobjectdatabase.h:147]: Object with key: feral_prethoryn_infighting already exists
[02:37:09][game_singleobjectdatabase.h:147]: Object with key: marauder_raiders already exists
[02:37:09][game_singleobjectdatabase.h:147]: Object with key: vol already exists
[02:37:09][game_singleobjectdatabase.h:147]: Object with key: ratlings already exists
[02:37:09][game_singleobjectdatabase.h:147]: Object with key: nivlacs already exists
[02:37:09][game_singleobjectdatabase.h:147]: Object with key: enigmatic_cache already exists
[02:37:09][game_singleobjectdatabase.h:147]: Object with key: gray_goo already exists
[02:37:09][game_singleobjectdatabase.h:147]: Object with key: HUM already exists
[02:37:10][game_singleobjectdatabase.h:147]: Object with key: d_arid_highlands already exists
[02:37:10][game_singleobjectdatabase.h:147]: Object with key: d_hot_springs already exists
[02:37:10][game_singleobjectdatabase.h:147]: Object with key: d_rushing_waterfalls already exists
[02:37:10][game_singleobjectdatabase.h:147]: Object with key: d_searing_desert already exists
[02:37:10][game_singleobjectdatabase.h:147]: Object with key: d_frozen_gas_lake already exists
[02:37:10][game_singleobjectdatabase.h:147]: Object with key: d_geothermal_vent already exists
[02:37:10][game_singleobjectdatabase.h:147]: Object with key: d_underwater_vent already exists
[02:37:10][game_singleobjectdatabase.h:147]: Object with key: d_tempestous_mountain already exists
[02:37:10][game_singleobjectdatabase.h:147]: Object with key: d_veiny_cliffs already exists
[02:37:10][game_singleobjectdatabase.h:147]: Object with key: d_mineral_fields already exists
[02:37:10][game_singleobjectdatabase.h:147]: Object with key: d_prosperous_mesa already exists
[02:37:10][game_singleobjectdatabase.h:147]: Object with key: d_ore_rich_caverns already exists
[02:37:10][game_singleobjectdatabase.h:147]: Object with key: d_rich_mountain already exists
[02:37:10][game_singleobjectdatabase.h:147]: Object with key: d_submerged_ore_veins already exists
[02:37:10][game_singleobjectdatabase.h:147]: Object with key: d_lichen_fields already exists
[02:37:10][game_singleobjectdatabase.h:147]: Object with key: d_bountiful_plains already exists
[02:37:10][game_singleobjectdatabase.h:147]: Object with key: d_rugged_woods already exists
[02:37:10][game_singleobjectdatabase.h:147]: Object with key: d_green_hills already exists
[02:37:10][game_singleobjectdatabase.h:147]: Object with key: d_forgiving_tundra already exists
[02:37:10][game_singleobjectdatabase.h:147]: Object with key: d_boggy_fens already exists
[02:37:10][game_singleobjectdatabase.h:147]: Object with key: d_nutritious_mudland already exists
[02:37:10][game_singleobjectdatabase.h:147]: Object with key: d_fungal_caves already exists
[02:37:10][game_singleobjectdatabase.h:147]: Object with key: d_lush_jungle already exists
[02:37:10][game_singleobjectdatabase.h:147]: Object with key: d_fertile_lands already exists
[02:37:10][game_singleobjectdatabase.h:147]: Object with key: d_great_river already exists
[02:37:10][game_singleobjectdatabase.h:147]: Object with key: d_black_soil already exists
[02:37:10][game_singleobjectdatabase.h:147]: Object with key: d_teeming_reef already exists
[02:37:10][game_singleobjectdatabase.h:147]: Object with key: d_marvelous_oasis already exists
[02:37:10][game_singleobjectdatabase.h:147]: Object with key: d_tropical_island already exists
[02:37:10][game_singleobjectdatabase.h:147]: Object with key: d_fungal_forest already exists
[02:37:10][game_singleobjectdatabase.h:147]: Object with key: d_dust_caverns already exists
[02:37:10][game_singleobjectdatabase.h:147]: Object with key: d_dust_desert already exists
[02:37:10][game_singleobjectdatabase.h:147]: Object with key: d_bubbling_swamp already exists
[02:37:10][game_singleobjectdatabase.h:147]: Object with key: d_fuming_bog already exists
[02:37:10][game_singleobjectdatabase.h:147]: Object with key: d_crystalline_caverns already exists
[02:37:10][game_singleobjectdatabase.h:147]: Object with key: d_crystal_forest already exists
[02:37:10][game_singleobjectdatabase.h:147]: Object with key: d_crystal_reef already exists
[02:37:10][game_singleobjectdatabase.h:147]: Object with key: d_betharian_deposit already exists
[02:37:10][game_singleobjectdatabase.h:147]: Object with key: d_alien_pets_deposit already exists
[02:37:10][game_singleobjectdatabase.h:147]: Object with key: d_buzzing_plains already exists
[02:37:10][game_singleobjectdatabase.h:147]: Object with key: d_mineral_striations already exists
[02:37:10][game_singleobjectdatabase.h:147]: Object with key: d_natural_farmland already exists
[02:37:10][game_singleobjectdatabase.h:147]: Object with key: tb_research_group already exists
[02:37:10][game_singleobjectdatabase.h:147]: Object with key: action_insult already exists
[02:37:10][game_singleobjectdatabase.h:147]: Object with key: action_make_rival already exists
[02:37:10][game_singleobjectdatabase.h:147]: Object with key: action_form_defensive_pact already exists
[02:37:10][game_singleobjectdatabase.h:147]: Object with key: action_form_commercial_pact already exists
[02:37:10][game_singleobjectdatabase.h:147]: Object with key: action_guarantee_independence already exists
[02:37:10][game_singleobjectdatabase.h:147]: Object with key: action_support_independence already exists
[02:37:10][game_singleobjectdatabase.h:147]: Object with key: action_form_migration_pact already exists
[02:37:10][game_singleobjectdatabase.h:147]: Object with key: action_invite_to_federation already exists
[02:37:10][game_singleobjectdatabase.h:147]: Object with key: action_ask_to_join_federation already exists
[02:37:10][game_singleobjectdatabase.h:147]: Object with key: action_demand_vassalization already exists
[02:37:10][game_singleobjectdatabase.h:147]: Object with key: action_demand_protectorate already exists
[02:37:10][game_singleobjectdatabase.h:147]: Object with key: action_demand_tributary already exists
[02:37:10][game_singleobjectdatabase.h:147]: Object with key: action_demand_subsidiary already exists
[02:37:10][game_singleobjectdatabase.h:147]: Object with key: action_ask_to_become_vassalized already exists
[02:37:10][game_singleobjectdatabase.h:147]: Object with key: action_ask_to_become_protectorate already exists
[02:37:10][game_singleobjectdatabase.h:147]: Object with key: action_ask_to_become_tributary already exists
[02:37:10][game_singleobjectdatabase.h:147]: Object with key: action_ask_to_become_subsidiary already exists
[02:37:10][game_singleobjectdatabase.h:147]: Object with key: action_offer_trade_deal already exists
[02:37:10][game_singleobjectdatabase.h:147]: Object with key: action_form_research_agreement already exists
[02:37:10][game_singleobjectdatabase.h:147]: Object with key: action_form_non_aggression_pact already exists
[02:37:11][ship_design_templates.cpp:177]: Component template key used multiple times: REACTOR_BOOSTER_3
[02:37:11][modifier.cpp:524]: Missing modifier icon "gfx/interface/icons/modifiers/mod_soul_crystals_produces_mult.dds"
[02:37:11][designer_database.cpp:71]: A ship design named "Ancient Sentinel" already exists!  file: common/global_ship_designs/leviathans_designs.txt line: 853
[02:37:11][designer_database.cpp:71]: A ship design named "Ancient Defender" already exists!  file: common/global_ship_designs/leviathans_designs.txt line: 902
[02:37:11][designer_database.cpp:71]: A ship design named "Ancient Warden" already exists!  file: common/global_ship_designs/leviathans_designs.txt line: 955
[02:37:11][designer_database.cpp:71]: A ship design named "Ancient Guardian" already exists!  file: common/global_ship_designs/leviathans_designs.txt line: 1036
[02:37:11][designer_database.cpp:71]: A ship design named "Ancient Vault" already exists!  file: common/global_ship_designs/leviathans_designs.txt line: 1146
[02:37:11][designer_database.cpp:71]: A ship design named "Type 37" already exists!  file: common/global_ship_designs/leviathans_designs.txt line: 1551
[02:37:11][designer_database.cpp:71]: A ship design named "Type 46" already exists!  file: common/global_ship_designs/leviathans_designs.txt line: 1699
[02:37:11][eventmanager.cpp:191]: an event with id [anomaly.233] already exists!  file: events/anomaly_events_3.txt line: 2369
[02:37:11][eventmanager.cpp:191]: an event with id [anomaly.240] already exists!  file: events/anomaly_events_3.txt line: 2439
[02:37:11][eventmanager.cpp:191]: an event with id [colony.104] already exists!  file: events/colony_events.txt line: 2182
[02:37:11][eventmanager.cpp:191]: an event with id [colony.105] already exists!  file: events/colony_events.txt line: 2313
[02:37:11][eventmanager.cpp:191]: an event with id [colony.106] already exists!  file: events/colony_events.txt line: 2471
[02:37:11][eventmanager.cpp:191]: an event with id [colony.107] already exists!  file: events/colony_events.txt line: 2495
[02:37:11][eventmanager.cpp:191]: an event with id [crisis.200] already exists!  file: events/crisis_events_1.txt line: 2664
[02:37:11][eventmanager.cpp:191]: an event with id [crisis.201] already exists!  file: events/crisis_events_1.txt line: 2689
[02:37:11][eventmanager.cpp:191]: an event with id [crisis.202] already exists!  file: events/crisis_events_1.txt line: 2710
[02:37:11][eventmanager.cpp:191]: an event with id [crisis.203] already exists!  file: events/crisis_events_1.txt line: 2749
[02:37:11][eventmanager.cpp:191]: an event with id [crisis.2025] already exists!  file: events/crisis_events_3.txt line: 698
[02:37:11][eventmanager.cpp:191]: an event with id [crisis.2026] already exists!  file: events/crisis_events_3.txt line: 821
[02:37:11][eventmanager.cpp:191]: an event with id [crisis.2027] already exists!  file: events/crisis_events_3.txt line: 870
[02:37:11][eventmanager.cpp:191]: an event with id [crisis.2028] already exists!  file: events/crisis_events_3.txt line: 920
[02:37:11][eventmanager.cpp:191]: an event with id [crisis.2040] already exists!  file: events/crisis_events_3.txt line: 1358
[02:37:11][eventmanager.cpp:191]: an event with id [crisis.2041] already exists!  file: events/crisis_events_3.txt line: 1596
[02:37:11][eventmanager.cpp:191]: an event with id [crisis.2046] already exists!  file: events/crisis_events_3.txt line: 1727
[02:37:11][eventmanager.cpp:191]: an event with id [distar.214] already exists!  file: events/echo_distantstars_overwrite.txt line: 1
[02:37:11][eventmanager.cpp:191]: an event with id [leader.1] already exists!  file: events/leader_events_1.txt line: 12
[02:37:11][eventmanager.cpp:191]: an event with id [leviathans.1016] already exists!  file: events/leviathans_events.txt line: 11040
[02:37:11][eventmanager.cpp:191]: an event with id [leviathans.3102] already exists!  file: events/leviathans_events.txt line: 14410
[02:37:11][eventmanager.cpp:191]: an event with id [mega.200] already exists!  file: events/megacorp_events.txt line: 170
[02:37:11][localization_util.cpp:24]: Missing localization key [This Is Primitive Room] events/mem_diplomatic_art_test.txt:6
[02:37:11][localization_util.cpp:24]: Missing localization key [This Is Underground Bunker where underground people live] events/mem_diplomatic_art_test.txt:24
[02:37:12][eventmanager.cpp:191]: an event with id [action.81] already exists!  file: events/on_action_events.txt line: 7119
[02:37:12][eventmanager.cpp:191]: an event with id [action.89] already exists!  file: events/on_action_events.txt line: 7333
[02:37:12][eventmanager.cpp:191]: an event with id [precursor.1] already exists!  file: events/precursor_events.txt line: 14
[02:37:12][eventmanager.cpp:191]: an event with id [precursor.100] already exists!  file: events/precursor_events.txt line: 776
[02:37:12][eventmanager.cpp:191]: an event with id [precursor.101] already exists!  file: events/precursor_events.txt line: 811
[02:37:12][eventmanager.cpp:191]: an event with id [precursor.102] already exists!  file: events/precursor_events.txt line: 875
[02:37:12][eventmanager.cpp:191]: an event with id [precursor.500] already exists!  file: events/precursor_events.txt line: 938
[02:37:12][eventmanager.cpp:191]: an event with id [precursor.600] already exists!  file: events/precursor_events.txt line: 1589
[02:37:12][eventmanager.cpp:191]: an event with id [precursor.601] already exists!  file: events/precursor_events.txt line: 1624
[02:37:12][eventmanager.cpp:191]: an event with id [precursor.602] already exists!  file: events/precursor_events.txt line: 1675
[02:37:12][eventmanager.cpp:191]: an event with id [precursor.1000] already exists!  file: events/precursor_events.txt line: 1738
[02:37:12][eventmanager.cpp:191]: an event with id [precursor.1100] already exists!  file: events/precursor_events.txt line: 2680
[02:37:12][eventmanager.cpp:191]: an event with id [precursor.1101] already exists!  file: events/precursor_events.txt line: 2715
[02:37:12][eventmanager.cpp:191]: an event with id [precursor.1102] already exists!  file: events/precursor_events.txt line: 2787
[02:37:12][eventmanager.cpp:191]: an event with id [precursor.1500] already exists!  file: events/precursor_events.txt line: 2850
[02:37:12][eventmanager.cpp:191]: an event with id [precursor.1600] already exists!  file: events/precursor_events.txt line: 3618
[02:37:12][eventmanager.cpp:191]: an event with id [precursor.1601] already exists!  file: events/precursor_events.txt line: 3655
[02:37:12][eventmanager.cpp:191]: an event with id [precursor.1602] already exists!  file: events/precursor_events.txt line: 3713
[02:37:12][eventmanager.cpp:191]: an event with id [precursor.2000] already exists!  file: events/precursor_events.txt line: 3776
[02:37:12][eventmanager.cpp:191]: an event with id [precursor.2100] already exists!  file: events/precursor_events.txt line: 4544
[02:37:12][eventmanager.cpp:191]: an event with id [precursor.2102] already exists!  file: events/precursor_events.txt line: 4704
[02:37:12][eventmanager.cpp:191]: an event with id [precursor.301] already exists!  file: events/precursor_events.txt line: 4767
[02:37:12][eventmanager.cpp:191]: an event with id [unrest.4235] already exists!  file: events/unrest_events.txt line: 2244
[02:37:12][game_singleobjectdatabase.h:147]: Object with key: DISTAR_ELECTRO_CAT already exists
[02:37:13][prescripted_systems.cpp:774]: An initializer called "star_lifting_system" already exists.  file: common/solar_system_initializers/distant_stars_initializers.txt line: 5
[02:37:13][prescripted_systems.cpp:774]: An initializer called "big_rip_system" already exists.  file: common/solar_system_initializers/distant_stars_initializers.txt line: 140
[02:37:13][prescripted_systems.cpp:774]: An initializer called "time_loop_world_system" already exists.  file: common/solar_system_initializers/distant_stars_initializers.txt line: 206
[02:37:13][prescripted_systems.cpp:774]: An initializer called "toxic_planet_toxic_moon" already exists.  file: common/solar_system_initializers/distant_stars_initializers.txt line: 289
[02:37:13][prescripted_systems.cpp:774]: An initializer called "shattered_world_system" already exists.  file: common/solar_system_initializers/distant_stars_initializers.txt line: 356
[02:37:13][prescripted_systems.cpp:774]: An initializer called "asteroid_system" already exists.  file: common/solar_system_initializers/distant_stars_initializers.txt line: 420
[02:37:13][prescripted_systems.cpp:774]: An initializer called "ice_system" already exists.  file: common/solar_system_initializers/distant_stars_initializers.txt line: 1002
[02:37:13][prescripted_systems.cpp:774]: An initializer called "high_energy_system" already exists.  file: common/solar_system_initializers/distant_stars_initializers.txt line: 1122
[02:37:13][prescripted_systems.cpp:774]: An initializer called "guardians_init_hatchling" already exists.  file: common/solar_system_initializers/distant_stars_initializers.txt line: 1185
[02:37:13][prescripted_systems.cpp:774]: An initializer called "great_wound_system" already exists.  file: common/solar_system_initializers/distant_stars_initializers.txt line: 1265
[02:37:13][prescripted_systems.cpp:774]: An initializer called "primitive_robot_system" already exists.  file: common/solar_system_initializers/distant_stars_initializers.txt line: 1629
[02:37:13][prescripted_systems.cpp:774]: An initializer called "superflare_system" already exists.  file: common/solar_system_initializers/distant_stars_initializers.txt line: 1747
[02:37:13][prescripted_systems.cpp:774]: An initializer called "collapse_system" already exists.  file: common/solar_system_initializers/distant_stars_initializers.txt line: 1836
[02:37:13][prescripted_systems.cpp:774]: An initializer called "old_foes_system" already exists.  file: common/solar_system_initializers/distant_stars_initializers.txt line: 1990
[02:37:13][prescripted_systems.cpp:774]: An initializer called "scavenger_system" already exists.  file: common/solar_system_initializers/distant_stars_initializers.txt line: 2197
[02:37:13][prescripted_systems.cpp:774]: An initializer called "living_planet_system" already exists.  file: common/solar_system_initializers/distant_stars_initializers.txt line: 2743
[02:37:13][prescripted_systems.cpp:774]: An initializer called "elderly_tiyanki_system" already exists.  file: common/solar_system_initializers/distant_stars_initializers.txt line: 2832
[02:37:13][prescripted_systems.cpp:774]: An initializer called "ratling_1_1" already exists.  file: common/solar_system_initializers/distant_stars_initializers.txt line: 3068
[02:37:13][prescripted_systems.cpp:774]: An initializer called "distar_pod_system" already exists.  file: common/solar_system_initializers/distant_stars_initializers.txt line: 3929
[02:37:13][prescripted_systems.cpp:774]: An initializer called "distar_phaseshift_system" already exists.  file: common/solar_system_initializers/distant_stars_initializers.txt line: 4078
[02:37:13][prescripted_systems.cpp:774]: An initializer called "distantstars_init_00" already exists.  file: common/solar_system_initializers/distant_stars_initializers.txt line: 4163
[02:37:13][prescripted_systems.cpp:774]: An initializer called "custom_starting_init_01" already exists.  file: common/solar_system_initializers/echo_custom_overwrite.txt line: 15
[02:37:13][prescripted_systems.cpp:774]: An initializer called "custom_starting_init_02" already exists.  file: common/solar_system_initializers/echo_custom_overwrite.txt line: 166
[02:37:13][prescripted_systems.cpp:774]: An initializer called "custom_starting_init_03" already exists.  file: common/solar_system_initializers/echo_custom_overwrite.txt line: 298
[02:37:13][prescripted_systems.cpp:774]: An initializer called "custom_starting_init_04" already exists.  file: common/solar_system_initializers/echo_custom_overwrite.txt line: 427
[02:37:13][prescripted_systems.cpp:774]: An initializer called "custom_starting_init_05" already exists.  file: common/solar_system_initializers/echo_custom_overwrite.txt line: 549
[02:37:13][prescripted_systems.cpp:774]: An initializer called "custom_starting_init_06" already exists.  file: common/solar_system_initializers/echo_custom_overwrite.txt line: 693
[02:37:13][prescripted_systems.cpp:774]: An initializer called "guardians_artist_init_02" already exists.  file: common/solar_system_initializers/leviathans_system_initializers.txt line: 194
[02:37:13][prescripted_systems.cpp:774]: An initializer called "guardians_artist_init_03" already exists.  file: common/solar_system_initializers/leviathans_system_initializers.txt line: 378
[02:37:13][prescripted_systems.cpp:774]: An initializer called "guardians_curator_init_01" already exists.  file: common/solar_system_initializers/leviathans_system_initializers.txt line: 561
[02:37:13][prescripted_systems.cpp:774]: An initializer called "guardians_curator_init_03" already exists.  file: common/solar_system_initializers/leviathans_system_initializers.txt line: 852
[02:37:13][prescripted_systems.cpp:774]: An initializer called "guardians_trader_init_02" already exists.  file: common/solar_system_initializers/leviathans_system_initializers.txt line: 1159
[02:37:13][prescripted_systems.cpp:774]: An initializer called "guardians_trader_init_03" already exists.  file: common/solar_system_initializers/leviathans_system_initializers.txt line: 1298
[02:37:13][prescripted_systems.cpp:774]: An initializer called "guardians_init_stellarites" already exists.  file: common/solar_system_initializers/leviathans_system_initializers.txt line: 1440
[02:37:13][prescripted_systems.cpp:774]: An initializer called "guardians_init_dragon" already exists.  file: common/solar_system_initializers/leviathans_system_initializers.txt line: 1531
[02:37:13][prescripted_systems.cpp:774]: An initializer called "guardians_init_horror" already exists.  file: common/solar_system_initializers/leviathans_system_initializers.txt line: 1706
[02:37:13][prescripted_systems.cpp:774]: An initializer called "guardians_init_dreadnought" already exists.  file: common/solar_system_initializers/leviathans_system_initializers.txt line: 1749
[02:37:13][prescripted_systems.cpp:774]: An initializer called "guardians_init_hive" already exists.  file: common/solar_system_initializers/leviathans_system_initializers.txt line: 2079
[02:37:13][prescripted_systems.cpp:774]: An initializer called "guardians_init_technosphere" already exists.  file: common/solar_system_initializers/leviathans_system_initializers.txt line: 2258
[02:37:13][prescripted_systems.cpp:774]: An initializer called "guardians_init_fortress" already exists.  file: common/solar_system_initializers/leviathans_system_initializers.txt line: 2371
[02:37:13][prescripted_systems.cpp:774]: An initializer called "guardians_init_wraith" already exists.  file: common/solar_system_initializers/leviathans_system_initializers.txt line: 2612
[02:37:13][prescripted_systems.cpp:774]: An initializer called "megacorp_matter_decompressor_init_01" already exists.  file: common/solar_system_initializers/megacorp_intializers.txt line: 676
[02:37:13][prescripted_systems.cpp:774]: An initializer called "megacorp_strategic_coordination_center_init_01" already exists.  file: common/solar_system_initializers/megacorp_intializers.txt line: 765
[02:37:13][prescripted_systems.cpp:774]: An initializer called "megacorp_mega_art_installation_init_01" already exists.  file: common/solar_system_initializers/megacorp_intializers.txt line: 1130
[02:37:13][prescripted_systems.cpp:774]: An initializer called "megacorp_interstellar_assembly_init_01" already exists.  file: common/solar_system_initializers/megacorp_intializers.txt line: 1237
[02:37:13][prescripted_systems.cpp:774]: An initializer called "sol_system_initializer" already exists.  file: common/solar_system_initializers/prescripted_species_systems.txt line: 7
[02:37:13][prescripted_systems.cpp:774]: An initializer called "sol_neighbor_t1" already exists.  file: common/solar_system_initializers/prescripted_species_systems.txt line: 290
[02:37:13][prescripted_systems.cpp:774]: An initializer called "sol_neighbor_t1_first_colony" already exists.  file: common/solar_system_initializers/prescripted_species_systems.txt line: 343
[02:37:13][prescripted_systems.cpp:774]: An initializer called "sol_neighbor_t2_second_colony" already exists.  file: common/solar_system_initializers/prescripted_species_systems.txt line: 646
[02:37:13][prescripted_systems.cpp:774]: An initializer called "deneb_system" already exists.  file: common/solar_system_initializers/prescripted_species_systems.txt line: 807
[02:37:13][prescripted_systems.cpp:774]: An initializer called "special_init_06" already exists.  file: common/solar_system_initializers/special_system_initializers.txt line: 840
[02:37:13][prescripted_systems.cpp:774]: An initializer called "sanctuary_system" already exists.  file: common/solar_system_initializers/special_system_initializers.txt line: 1307
[02:37:13][prescripted_systems.cpp:774]: An initializer called "crystal_manufactory_system" already exists.  file: common/solar_system_initializers/special_system_initializers.txt line: 2266
[02:37:13][prescripted_systems.cpp:774]: An initializer called "trappist_initializer" already exists.  file: common/solar_system_initializers/special_system_initializers.txt line: 2333
[02:37:13][prescripted_systems.cpp:774]: An initializer called "dyson_sphere_init_01" already exists.  file: common/solar_system_initializers/utopia_initializers.txt line: 6
[02:37:13][prescripted_systems.cpp:774]: An initializer called "science_nexus_init_01" already exists.  file: common/solar_system_initializers/utopia_initializers.txt line: 356
[02:37:13][prescripted_systems.cpp:774]: An initializer called "sentry_array_init_01" already exists.  file: common/solar_system_initializers/utopia_initializers.txt line: 463
[02:37:13][prescripted_systems.cpp:774]: An initializer called "ring_world_init_01" already exists.  file: common/solar_system_initializers/utopia_initializers.txt line: 836
[02:37:13][game_singleobjectdatabase.h:147]: Object with key: is_organic_species already exists
[02:37:13][game_singleobjectdatabase.h:147]: Object with key: is_robotic_species already exists
[02:37:13][game_singleobjectdatabase.h:147]: Object with key: is_valid_target_fe_stop_atrocities already exists
[02:37:13][game_singleobjectdatabase.h:147]: Object with key: is_country_type_with_subjects already exists
[02:37:13][game_singleobjectdatabase.h:147]: Object with key: habitable_planet already exists
[02:37:13][game_singleobjectdatabase.h:147]: Object with key: habitable_structure already exists
[02:37:13][game_singleobjectdatabase.h:147]: Object with key: generate_start_buildings_and_districts already exists
[02:37:13][game_singleobjectdatabase.h:147]: Object with key: ap_xeno_compatibility already exists
[02:37:13][game_singleobjectdatabase.h:147]: Object with key: civic_gospel_of_the_masses already exists
[02:37:13][game_singleobjectdatabase.h:147]: Object with key: civic_hive_devouring_swarm already exists
[02:37:13][game_singleobjectdatabase.h:147]: Object with key: trading_hub already exists
[02:37:13][game_singleobjectdatabase.h:147]: Object with key: fleet_academy already exists
[02:37:13][game_singleobjectdatabase.h:147]: Object with key: titan_yards already exists
[02:37:13][game_singleobjectdatabase.h:147]: Object with key: colossus_yards already exists
[02:37:13][pdxmodifier.h:408]: Modifier has entry not allowed by category:  file: common/starbase_buildings/nsc_starbase_building.txt line: 229
[02:37:13][pdxmodifier.h:408]: Modifier has entry not allowed by category:  file: common/starbase_buildings/nsc_starbase_building.txt line: 230
[02:37:13][pdxmodifier.h:408]: Modifier has entry not allowed by category:  file: common/starbase_buildings/nsc_starbase_building.txt line: 231
[02:37:13][pdxmodifier.h:408]: Modifier has entry not allowed by category:  file: common/starbase_buildings/nsc_starbase_building.txt line: 232
[02:37:13][pdxmodifier.h:408]: Modifier has entry not allowed by category:  file: common/starbase_buildings/nsc_starbase_building.txt line: 390
[02:37:13][pdxmodifier.h:408]: Modifier has entry not allowed by category:  file: common/starbase_buildings/nsc_starbase_building.txt line: 647
[02:37:13][pdxmodifier.h:408]: Modifier has entry not allowed by category:  file: common/starbase_buildings/nsc_starbase_building.txt line: 648
[02:37:13][pdxmodifier.h:408]: Modifier has entry not allowed by category:  file: common/starbase_buildings/nsc_starbase_building.txt line: 659
[02:37:13][pdxmodifier.h:408]: Modifier has entry not allowed by category:  file: common/starbase_buildings/nsc_starbase_building.txt line: 660
[02:37:14][technology.cpp:803]: Failed to find icon for technology: tech_TBD (gfx/interface/icons/technologies/tech_TBD.dds)
[02:37:14][district_type.cpp:333]: District district_mem_vazuran_habitat_housing is missing texture gfx/interface/icons/districts/grid_box/district_mem_vazuran_habitat_housing.dds
[02:37:14][district_type.cpp:333]: District district_mem_vazuran_habitat_arms_industry is missing texture gfx/interface/icons/districts/grid_box/district_mem_vazuran_habitat_arms_industry.dds
[02:37:14][district_type.cpp:333]: District district_mem_vazuran_habitat_civilian_industry is missing texture gfx/interface/icons/districts/grid_box/district_mem_vazuran_habitat_civilian_industry.dds
[02:37:14][district_type.cpp:333]: District district_mem_vazuran_habitat_leisure is missing texture gfx/interface/icons/districts/grid_box/district_mem_vazuran_habitat_leisure.dds
[02:37:14][starbase_component.cpp:35]: Unused starbase component modifier entry!
Component: "hq_annex"
Modifier:"country_modifier"
Type:"MOD_SHIP_EXPERIENCE_GAIN_MULT"
[02:37:14][starbase_component.cpp:35]: Unused starbase component modifier entry!
Component: "hq_annex"
Modifier:"country_modifier"
Type:"MOD_LEADER_ADMIRAL_SKILL_LEVELS"
[02:37:14][starbase_component.cpp:35]: Unused starbase component modifier entry!
Component: "hq_annex"
Modifier:"country_modifier"
Type:"mod_leader_admirals_upkeep_mult"
[02:37:14][starbase_component.cpp:35]: Unused starbase component modifier entry!
Component: "hq_annex"
Modifier:"country_modifier"
Type:"mod_ships_upkeep_mult"
[02:37:14][starbase_component.cpp:35]: Unused starbase component modifier entry!
Component: "starbase_management_machine"
Modifier:"system_modifier"
Type:"mod_planet_jobs_robotic_produces_mult"
[02:37:15][modifier.cpp:524]: Missing modifier icon "gfx/interface/icons/modifiers/mod_resource_soul_crystals_mult.dds"
[02:37:15][modifier.cpp:524]: Missing modifier icon "gfx/interface/icons/modifiers/mod_soul_crystals_cost_add.dds"
[02:37:15][modifier.cpp:524]: Missing modifier icon "gfx/interface/icons/modifiers/mod_soul_crystals_cost_mult.dds"
[02:37:15][modifier.cpp:524]: Missing modifier icon "gfx/interface/icons/modifiers/mod_soul_crystals_produces_add.dds"
[02:37:15][modifier.cpp:524]: Missing modifier icon "gfx/interface/icons/modifiers/mod_soul_crystals_upkeep_add.dds"
[02:37:15][modifier.cpp:524]: Missing modifier icon "gfx/interface/icons/modifiers/mod_job_high_priest_cost_add.dds"
[02:37:15][modifier.cpp:524]: Missing modifier icon "gfx/interface/icons/modifiers/mod_job_high_priest_cost_mult.dds"
[02:37:15][modifier.cpp:524]: Missing modifier icon "gfx/interface/icons/modifiers/mod_job_high_priest_produces_add.dds"
[02:37:15][modifier.cpp:524]: Missing modifier icon "gfx/interface/icons/modifiers/mod_job_high_priest_produces_mult.dds"
[02:37:15][modifier.cpp:524]: Missing modifier icon "gfx/interface/icons/modifiers/mod_job_high_priest_upkeep_add.dds"
[02:37:15][modifier.cpp:524]: Missing modifier icon "gfx/interface/icons/modifiers/mod_job_high_priest_upkeep_mult.dds"
[02:37:15][modifier.cpp:524]: Missing modifier icon "gfx/interface/icons/modifiers/mod_job_criminal_cost_add.dds"
[02:37:15][modifier.cpp:524]: Missing modifier icon "gfx/interface/icons/modifiers/mod_job_criminal_cost_mult.dds"
[02:37:15][modifier.cpp:524]: Missing modifier icon "gfx/interface/icons/modifiers/mod_job_criminal_produces_add.dds"
[02:37:15][modifier.cpp:524]: Missing modifier icon "gfx/interface/icons/modifiers/mod_job_criminal_produces_mult.dds"
[02:37:15][modifier.cpp:524]: Missing modifier icon "gfx/interface/icons/modifiers/mod_job_criminal_upkeep_add.dds"
[02:37:15][modifier.cpp:524]: Missing modifier icon "gfx/interface/icons/modifiers/mod_job_criminal_upkeep_mult.dds"
[02:37:15][modifier.cpp:524]: Missing modifier icon "gfx/interface/icons/modifiers/mod_job_mem_surveyor_robotomite_add.dds"
[02:37:19][pdx_social_pops.cpp:56]: Attempted to change social user status while social system is not connected.
[02:37:29][texturehandler.cpp:317]: Couldn't find texture file: gfx/models/portraits/quarian/human_female_clothes_governer.dds.
[02:37:36][effect_impl.cpp:2863]: Failed to get a random class namelist in create_species effect. ClassTag = Muv_Luv.  file: common/scripted_effects/primitives_scripted_effects.txt line: 23
[02:37:36][effect_impl.cpp:2863]: Failed to get a random class namelist in create_species effect. ClassTag = ERL_MQT.  file: common/scripted_effects/primitives_scripted_effects.txt line: 23
[02:37:36][effect_impl.cpp:2863]: Failed to get a random class namelist in create_species effect. ClassTag = Prothean.  file: common/scripted_effects/primitives_scripted_effects.txt line: 23
[02:37:37][effect_impl.cpp:2863]: Failed to get a random class namelist in create_species effect. ClassTag = Fay.  file: common/scripted_effects/primitives_scripted_effects.txt line: 23
[02:37:43][game_text.cpp:522]: Unknown property: GetName
[02:37:43][trigger.cpp:382]: invalid scope for trigger. got [species], expected {pop}.  file: common/armies/plentiful_traditions_assault_armies.txt line: 28
[02:37:45][containerwindow.cpp:809]: interface/zfolk_ivam_outliner.gui: Could not find instantTextboxType "system" in window "outliner_member_starbase_entry_window".
[02:38:05][trigger.cpp:382]: invalid scope for trigger. got [species], expected {pop}.  file: common/armies/echo_organic_army_overwrite.txt line: 33
[02:38:05][trigger.cpp:382]: invalid scope for trigger. got [species], expected {pop}.  file: common/armies/echo_organic_army_overwrite.txt line: 76
[02:38:05][trigger.cpp:382]: invalid scope for trigger. got [species], expected {pop}.  file: common/armies/echo_organic_army_overwrite.txt line: 79
[02:38:05][trigger.cpp:382]: invalid scope for trigger. got [species], expected {pop}.  file: common/armies/echo_organic_army_overwrite.txt line: 119
[02:38:05][trigger_impl.cpp:798]: Script Error: Invalid context switch[from], file: common/armies/echo_organic_army_overwrite.txt line: 200, Scope: 

[02:38:05][trigger_impl.cpp:799]: type=planet
id=2
random={ 0 1624410577 }
from={
	type=species
	id=4294967295
	random={ 0 1624410577 }
}

[02:38:05][trigger.cpp:382]: invalid scope for trigger. got [species], expected {pop}.  file: common/armies/echo_organic_army_overwrite.txt line: 234
[02:38:05][trigger.cpp:382]: invalid scope for trigger. got [species], expected {pop}.  file: common/armies/energy_being_armies.txt line: 83
[02:38:05][trigger.cpp:382]: invalid scope for trigger. got [species], expected {pop}.  file: common/armies/energy_being_armies.txt line: 126
[02:38:05][trigger_impl.cpp:798]: Script Error: Invalid context switch[fromfrom], file: common/armies/energy_being_armies.txt line: 205, Scope: 

[02:38:05][trigger.cpp:382]: invalid scope for trigger. got [species], expected {pop}.  file: common/armies/energy_being_armies.txt line: 242
[02:38:05][trigger.cpp:382]: invalid scope for trigger. got [species], expected {pop}.  file: common/armies/plentiful_traditions_assault_armies.txt line: 71
[02:38:05][trigger.cpp:382]: invalid scope for trigger. got [species], expected {pop}.  file: common/armies/soul_eater_army.txt line: 63
